{"D:\\express\\animals\\app.js": {"path":"D:\\express\\animals\\app.js","statementMap":{"0":{"start":{"line":1,"column":14},"end":{"line":1,"column":32}},"1":{"start":{"line":2,"column":10},"end":{"line":2,"column":19}},"2":{"start":{"line":3,"column":16},"end":{"line":3,"column":38}},"3":{"start":{"line":4,"column":15},"end":{"line":4,"column":32}},"4":{"start":{"line":5,"column":19},"end":{"line":5,"column":41}},"5":{"start":{"line":7,"column":18},"end":{"line":7,"column":47}},"6":{"start":{"line":8,"column":21},"end":{"line":8,"column":45}},"7":{"start":{"line":10,"column":15},"end":{"line":10,"column":43}},"8":{"start":{"line":11,"column":49},"end":{"line":11,"column":73}},"9":{"start":{"line":12,"column":38},"end":{"line":12,"column":67}},"10":{"start":{"line":13,"column":16},"end":{"line":13,"column":68}},"11":{"start":{"line":14,"column":13},"end":{"line":14,"column":62}},"12":{"start":{"line":16,"column":0},"end":{"line":16,"column":23}},"13":{"start":{"line":19,"column":0},"end":{"line":19,"column":69}},"14":{"start":{"line":21,"column":15},"end":{"line":21,"column":55}},"15":{"start":{"line":22,"column":15},"end":{"line":22,"column":51}},"16":{"start":{"line":25,"column":19},"end":{"line":25,"column":44}},"17":{"start":{"line":26,"column":0},"end":{"line":26,"column":15}},"18":{"start":{"line":28,"column":13},"end":{"line":28,"column":37}},"19":{"start":{"line":30,"column":0},"end":{"line":30,"column":28}},"20":{"start":{"line":31,"column":0},"end":{"line":31,"column":48}},"21":{"start":{"line":32,"column":0},"end":{"line":32,"column":19}},"22":{"start":{"line":35,"column":0},"end":{"line":35,"column":58}},"23":{"start":{"line":38,"column":23},"end":{"line":47,"column":1}},"24":{"start":{"line":49,"column":29},"end":{"line":49,"column":57}},"25":{"start":{"line":50,"column":0},"end":{"line":50,"column":75}},"26":{"start":{"line":53,"column":0},"end":{"line":59,"column":4}},"27":{"start":{"line":61,"column":0},"end":{"line":61,"column":20}},"28":{"start":{"line":64,"column":0},"end":{"line":64,"column":20}},"29":{"start":{"line":66,"column":0},"end":{"line":66,"column":34}},"30":{"start":{"line":69,"column":0},"end":{"line":75,"column":3}},"31":{"start":{"line":70,"column":14},"end":{"line":73,"column":6}},"32":{"start":{"line":74,"column":4},"end":{"line":74,"column":14}},"33":{"start":{"line":77,"column":0},"end":{"line":111,"column":3}},"34":{"start":{"line":78,"column":4},"end":{"line":78,"column":20}},"35":{"start":{"line":79,"column":4},"end":{"line":92,"column":5}},"36":{"start":{"line":80,"column":8},"end":{"line":80,"column":56}},"37":{"start":{"line":80,"column":22},"end":{"line":80,"column":56}},"38":{"start":{"line":81,"column":10},"end":{"line":92,"column":5}},"39":{"start":{"line":82,"column":8},"end":{"line":82,"column":56}},"40":{"start":{"line":82,"column":22},"end":{"line":82,"column":56}},"41":{"start":{"line":83,"column":10},"end":{"line":92,"column":5}},"42":{"start":{"line":84,"column":8},"end":{"line":84,"column":64}},"43":{"start":{"line":84,"column":22},"end":{"line":84,"column":64}},"44":{"start":{"line":85,"column":10},"end":{"line":92,"column":5}},"45":{"start":{"line":86,"column":8},"end":{"line":86,"column":60}},"46":{"start":{"line":86,"column":22},"end":{"line":86,"column":60}},"47":{"start":{"line":88,"column":8},"end":{"line":91,"column":11}},"48":{"start":{"line":95,"column":4},"end":{"line":103,"column":7}},"49":{"start":{"line":104,"column":4},"end":{"line":104,"column":65}},"50":{"start":{"line":113,"column":0},"end":{"line":115,"column":2}},"51":{"start":{"line":114,"column":4},"end":{"line":114,"column":42}},"52":{"start":{"line":117,"column":0},"end":{"line":117,"column":19}}},"fnMap":{"0":{"name":"(anonymous_0)","decl":{"start":{"line":69,"column":8},"end":{"line":69,"column":9}},"loc":{"start":{"line":69,"column":26},"end":{"line":75,"column":1}},"line":69},"1":{"name":"(anonymous_1)","decl":{"start":{"line":77,"column":8},"end":{"line":77,"column":9}},"loc":{"start":{"line":77,"column":39},"end":{"line":111,"column":1}},"line":77},"2":{"name":"(anonymous_2)","decl":{"start":{"line":113,"column":17},"end":{"line":113,"column":18}},"loc":{"start":{"line":113,"column":28},"end":{"line":115,"column":1}},"line":113}},"branchMap":{"0":{"loc":{"start":{"line":28,"column":13},"end":{"line":28,"column":37}},"type":"binary-expr","locations":[{"start":{"line":28,"column":13},"end":{"line":28,"column":29}},{"start":{"line":28,"column":33},"end":{"line":28,"column":37}}],"line":28},"1":{"loc":{"start":{"line":79,"column":4},"end":{"line":92,"column":5}},"type":"if","locations":[{"start":{"line":79,"column":4},"end":{"line":92,"column":5}},{"start":{"line":81,"column":10},"end":{"line":92,"column":5}}],"line":79},"2":{"loc":{"start":{"line":80,"column":8},"end":{"line":80,"column":56}},"type":"if","locations":[{"start":{"line":80,"column":8},"end":{"line":80,"column":56}},{"start":{},"end":{}}],"line":80},"3":{"loc":{"start":{"line":81,"column":10},"end":{"line":92,"column":5}},"type":"if","locations":[{"start":{"line":81,"column":10},"end":{"line":92,"column":5}},{"start":{"line":83,"column":10},"end":{"line":92,"column":5}}],"line":81},"4":{"loc":{"start":{"line":82,"column":8},"end":{"line":82,"column":56}},"type":"if","locations":[{"start":{"line":82,"column":8},"end":{"line":82,"column":56}},{"start":{},"end":{}}],"line":82},"5":{"loc":{"start":{"line":83,"column":10},"end":{"line":92,"column":5}},"type":"if","locations":[{"start":{"line":83,"column":10},"end":{"line":92,"column":5}},{"start":{"line":85,"column":10},"end":{"line":92,"column":5}}],"line":83},"6":{"loc":{"start":{"line":84,"column":8},"end":{"line":84,"column":64}},"type":"if","locations":[{"start":{"line":84,"column":8},"end":{"line":84,"column":64}},{"start":{},"end":{}}],"line":84},"7":{"loc":{"start":{"line":85,"column":10},"end":{"line":92,"column":5}},"type":"if","locations":[{"start":{"line":85,"column":10},"end":{"line":92,"column":5}},{"start":{"line":87,"column":9},"end":{"line":92,"column":5}}],"line":85},"8":{"loc":{"start":{"line":86,"column":8},"end":{"line":86,"column":60}},"type":"if","locations":[{"start":{"line":86,"column":8},"end":{"line":86,"column":60}},{"start":{},"end":{}}],"line":86},"9":{"loc":{"start":{"line":98,"column":15},"end":{"line":98,"column":45}},"type":"binary-expr","locations":[{"start":{"line":98,"column":15},"end":{"line":98,"column":26}},{"start":{"line":98,"column":30},"end":{"line":98,"column":45}}],"line":98},"10":{"loc":{"start":{"line":104,"column":22},"end":{"line":104,"column":49}},"type":"binary-expr","locations":[{"start":{"line":104,"column":22},"end":{"line":104,"column":42}},{"start":{"line":104,"column":46},"end":{"line":104,"column":49}}],"line":104}},"s":{"0":1,"1":1,"2":1,"3":1,"4":1,"5":1,"6":1,"7":1,"8":1,"9":1,"10":1,"11":1,"12":1,"13":1,"14":1,"15":1,"16":1,"17":1,"18":1,"19":1,"20":1,"21":1,"22":1,"23":1,"24":1,"25":1,"26":1,"27":1,"28":1,"29":1,"30":1,"31":0,"32":0,"33":1,"34":0,"35":0,"36":0,"37":0,"38":0,"39":0,"40":0,"41":0,"42":0,"43":0,"44":0,"45":0,"46":0,"47":0,"48":0,"49":0,"50":1,"51":1,"52":1},"f":{"0":0,"1":0,"2":1},"b":{"0":[1,0],"1":[0,0],"2":[0,0],"3":[0,0],"4":[0,0],"5":[0,0],"6":[0,0],"7":[0,0],"8":[0,0],"9":[0,0],"10":[0,0]},"_coverageSchema":"1a1c01bbd47fc00a2c39e90264f33305004495a9","hash":"be75d1a8da20eac0e11b181887584e69158db628"}
,"D:\\express\\animals\\nodeSchedule.js": {"path":"D:\\express\\animals\\nodeSchedule.js","statementMap":{"0":{"start":{"line":1,"column":15},"end":{"line":1,"column":39}},"1":{"start":{"line":4,"column":4},"end":{"line":22,"column":7}},"2":{"start":{"line":5,"column":17},"end":{"line":5,"column":44}},"3":{"start":{"line":6,"column":8},"end":{"line":21,"column":4}},"4":{"start":{"line":7,"column":3},"end":{"line":20,"column":6}},"5":{"start":{"line":8,"column":4},"end":{"line":19,"column":5}},"6":{"start":{"line":10,"column":5},"end":{"line":10,"column":32}},"7":{"start":{"line":11,"column":5},"end":{"line":16,"column":7}},"8":{"start":{"line":12,"column":6},"end":{"line":14,"column":7}},"9":{"start":{"line":13,"column":7},"end":{"line":13,"column":33}},"10":{"start":{"line":15,"column":6},"end":{"line":15,"column":32}},"11":{"start":{"line":18,"column":5},"end":{"line":18,"column":30}},"12":{"start":{"line":25,"column":0},"end":{"line":25,"column":32}}},"fnMap":{"0":{"name":"scheduleCronstyle","decl":{"start":{"line":3,"column":9},"end":{"line":3,"column":26}},"loc":{"start":{"line":3,"column":28},"end":{"line":23,"column":1}},"line":3},"1":{"name":"(anonymous_1)","decl":{"start":{"line":4,"column":41},"end":{"line":4,"column":42}},"loc":{"start":{"line":4,"column":51},"end":{"line":22,"column":5}},"line":4},"2":{"name":"(anonymous_2)","decl":{"start":{"line":6,"column":35},"end":{"line":6,"column":36}},"loc":{"start":{"line":6,"column":61},"end":{"line":21,"column":3}},"line":6},"3":{"name":"(anonymous_3)","decl":{"start":{"line":7,"column":22},"end":{"line":7,"column":23}},"loc":{"start":{"line":7,"column":41},"end":{"line":20,"column":4}},"line":7},"4":{"name":"(anonymous_4)","decl":{"start":{"line":11,"column":37},"end":{"line":11,"column":38}},"loc":{"start":{"line":11,"column":60},"end":{"line":16,"column":6}},"line":11}},"branchMap":{"0":{"loc":{"start":{"line":8,"column":4},"end":{"line":19,"column":5}},"type":"if","locations":[{"start":{"line":8,"column":4},"end":{"line":19,"column":5}},{"start":{"line":17,"column":9},"end":{"line":19,"column":5}}],"line":8},"1":{"loc":{"start":{"line":12,"column":6},"end":{"line":14,"column":7}},"type":"if","locations":[{"start":{"line":12,"column":6},"end":{"line":14,"column":7}},{"start":{},"end":{}}],"line":12}},"s":{"0":1,"1":1,"2":0,"3":0,"4":0,"5":0,"6":0,"7":0,"8":0,"9":0,"10":0,"11":0,"12":1},"f":{"0":1,"1":0,"2":0,"3":0,"4":0},"b":{"0":[0,0],"1":[0,0]},"_coverageSchema":"1a1c01bbd47fc00a2c39e90264f33305004495a9","hash":"9c3da1b8fda5d41479e371cfaff61a69fbfb9e46"}
,"D:\\express\\animals\\config\\constant.js": {"path":"D:\\express\\animals\\config\\constant.js","statementMap":{"0":{"start":{"line":3,"column":0},"end":{"line":20,"column":1}}},"fnMap":{},"branchMap":{"0":{"loc":{"start":{"line":9,"column":13},"end":{"line":9,"column":64}},"type":"cond-expr","locations":[{"start":{"line":9,"column":50},"end":{"line":9,"column":57}},{"start":{"line":9,"column":58},"end":{"line":9,"column":64}}],"line":9}},"s":{"0":1},"f":{},"b":{"0":[0,1]},"_coverageSchema":"1a1c01bbd47fc00a2c39e90264f33305004495a9","hash":"47d3e43709fd184c96f48d9394f525909205a859"}
,"D:\\express\\animals\\config\\db.js": {"path":"D:\\express\\animals\\config\\db.js","statementMap":{"0":{"start":{"line":1,"column":16},"end":{"line":1,"column":41}},"1":{"start":{"line":2,"column":19},"end":{"line":2,"column":49}},"2":{"start":{"line":4,"column":12},"end":{"line":4,"column":28}},"3":{"start":{"line":5,"column":11},"end":{"line":11,"column":2}},"4":{"start":{"line":21,"column":0},"end":{"line":44,"column":1}},"5":{"start":{"line":23,"column":8},"end":{"line":42,"column":10}},"6":{"start":{"line":24,"column":12},"end":{"line":41,"column":14}},"7":{"start":{"line":25,"column":16},"end":{"line":40,"column":17}},"8":{"start":{"line":26,"column":20},"end":{"line":26,"column":114}},"9":{"start":{"line":29,"column":20},"end":{"line":39,"column":22}},"10":{"start":{"line":30,"column":24},"end":{"line":36,"column":25}},"11":{"start":{"line":31,"column":28},"end":{"line":31,"column":52}},"12":{"start":{"line":32,"column":28},"end":{"line":32,"column":120}},"13":{"start":{"line":35,"column":28},"end":{"line":35,"column":43}},"14":{"start":{"line":38,"column":24},"end":{"line":38,"column":44}}},"fnMap":{"0":{"name":"(anonymous_0)","decl":{"start":{"line":22,"column":10},"end":{"line":22,"column":11}},"loc":{"start":{"line":22,"column":44},"end":{"line":43,"column":5}},"line":22},"1":{"name":"(anonymous_1)","decl":{"start":{"line":23,"column":27},"end":{"line":23,"column":28}},"loc":{"start":{"line":23,"column":50},"end":{"line":42,"column":9}},"line":23},"2":{"name":"(anonymous_2)","decl":{"start":{"line":24,"column":31},"end":{"line":24,"column":32}},"loc":{"start":{"line":24,"column":57},"end":{"line":41,"column":13}},"line":24},"3":{"name":"(anonymous_3)","decl":{"start":{"line":29,"column":50},"end":{"line":29,"column":51}},"loc":{"start":{"line":29,"column":66},"end":{"line":39,"column":21}},"line":29}},"branchMap":{"0":{"loc":{"start":{"line":25,"column":16},"end":{"line":40,"column":17}},"type":"if","locations":[{"start":{"line":25,"column":16},"end":{"line":40,"column":17}},{"start":{"line":28,"column":20},"end":{"line":40,"column":17}}],"line":25},"1":{"loc":{"start":{"line":30,"column":24},"end":{"line":36,"column":25}},"type":"if","locations":[{"start":{"line":30,"column":24},"end":{"line":36,"column":25}},{"start":{"line":34,"column":28},"end":{"line":36,"column":25}}],"line":30}},"s":{"0":1,"1":1,"2":1,"3":1,"4":1,"5":2,"6":2,"7":2,"8":0,"9":2,"10":2,"11":0,"12":0,"13":2,"14":2},"f":{"0":2,"1":2,"2":2,"3":2},"b":{"0":[0,2],"1":[0,2]},"_coverageSchema":"1a1c01bbd47fc00a2c39e90264f33305004495a9","hash":"38e7d259a2463ebfaf46f6b154a664a0b9807b0b"}
,"D:\\express\\animals\\config\\dbTransaction.js": {"path":"D:\\express\\animals\\config\\dbTransaction.js","statementMap":{"0":{"start":{"line":1,"column":16},"end":{"line":1,"column":41}},"1":{"start":{"line":2,"column":19},"end":{"line":2,"column":49}},"2":{"start":{"line":4,"column":12},"end":{"line":4,"column":28}},"3":{"start":{"line":5,"column":11},"end":{"line":11,"column":2}},"4":{"start":{"line":18,"column":8},"end":{"line":30,"column":10}},"5":{"start":{"line":19,"column":12},"end":{"line":29,"column":14}},"6":{"start":{"line":20,"column":16},"end":{"line":28,"column":17}},"7":{"start":{"line":21,"column":20},"end":{"line":21,"column":32}},"8":{"start":{"line":23,"column":19},"end":{"line":23,"column":47}},"9":{"start":{"line":24,"column":20},"end":{"line":27,"column":23}},"10":{"start":{"line":36,"column":4},"end":{"line":95,"column":5}},"11":{"start":{"line":37,"column":19},"end":{"line":37,"column":35}},"12":{"start":{"line":38,"column":29},"end":{"line":38,"column":53}},"13":{"start":{"line":42,"column":25},"end":{"line":45,"column":9}},"14":{"start":{"line":43,"column":12},"end":{"line":43,"column":28}},"15":{"start":{"line":44,"column":12},"end":{"line":44,"column":52}},"16":{"start":{"line":52,"column":22},"end":{"line":63,"column":9}},"17":{"start":{"line":53,"column":12},"end":{"line":62,"column":14}},"18":{"start":{"line":54,"column":16},"end":{"line":54,"column":40}},"19":{"start":{"line":55,"column":16},"end":{"line":61,"column":18}},"20":{"start":{"line":56,"column":20},"end":{"line":60,"column":21}},"21":{"start":{"line":57,"column":24},"end":{"line":57,"column":38}},"22":{"start":{"line":59,"column":24},"end":{"line":59,"column":41}},"23":{"start":{"line":68,"column":23},"end":{"line":79,"column":9}},"24":{"start":{"line":69,"column":12},"end":{"line":78,"column":14}},"25":{"start":{"line":70,"column":16},"end":{"line":77,"column":19}},"26":{"start":{"line":71,"column":20},"end":{"line":76,"column":21}},"27":{"start":{"line":72,"column":24},"end":{"line":72,"column":36}},"28":{"start":{"line":74,"column":24},"end":{"line":74,"column":60}},"29":{"start":{"line":75,"column":24},"end":{"line":75,"column":38}},"30":{"start":{"line":83,"column":22},"end":{"line":86,"column":9}},"31":{"start":{"line":84,"column":12},"end":{"line":84,"column":27}},"32":{"start":{"line":85,"column":12},"end":{"line":85,"column":50}},"33":{"start":{"line":87,"column":8},"end":{"line":92,"column":9}},"34":{"start":{"line":94,"column":8},"end":{"line":94,"column":104}},"35":{"start":{"line":97,"column":0},"end":{"line":97,"column":29}}},"fnMap":{"0":{"name":"(anonymous_0)","decl":{"start":{"line":17,"column":4},"end":{"line":17,"column":5}},"loc":{"start":{"line":17,"column":20},"end":{"line":31,"column":5}},"line":17},"1":{"name":"(anonymous_1)","decl":{"start":{"line":18,"column":27},"end":{"line":18,"column":28}},"loc":{"start":{"line":18,"column":48},"end":{"line":30,"column":9}},"line":18},"2":{"name":"(anonymous_2)","decl":{"start":{"line":19,"column":31},"end":{"line":19,"column":32}},"loc":{"start":{"line":19,"column":58},"end":{"line":29,"column":13}},"line":19},"3":{"name":"mysqlDBUtil","decl":{"start":{"line":35,"column":15},"end":{"line":35,"column":26}},"loc":{"start":{"line":35,"column":29},"end":{"line":96,"column":1}},"line":35},"4":{"name":"(anonymous_4)","decl":{"start":{"line":42,"column":25},"end":{"line":42,"column":26}},"loc":{"start":{"line":42,"column":43},"end":{"line":45,"column":9}},"line":42},"5":{"name":"(anonymous_5)","decl":{"start":{"line":52,"column":22},"end":{"line":52,"column":23}},"loc":{"start":{"line":52,"column":46},"end":{"line":63,"column":9}},"line":52},"6":{"name":"(anonymous_6)","decl":{"start":{"line":53,"column":31},"end":{"line":53,"column":32}},"loc":{"start":{"line":53,"column":52},"end":{"line":62,"column":13}},"line":53},"7":{"name":"(anonymous_7)","decl":{"start":{"line":55,"column":41},"end":{"line":55,"column":42}},"loc":{"start":{"line":55,"column":75},"end":{"line":61,"column":17}},"line":55},"8":{"name":"(anonymous_8)","decl":{"start":{"line":68,"column":23},"end":{"line":68,"column":24}},"loc":{"start":{"line":68,"column":35},"end":{"line":79,"column":9}},"line":68},"9":{"name":"(anonymous_9)","decl":{"start":{"line":69,"column":31},"end":{"line":69,"column":32}},"loc":{"start":{"line":69,"column":52},"end":{"line":78,"column":13}},"line":69},"10":{"name":"(anonymous_10)","decl":{"start":{"line":70,"column":28},"end":{"line":70,"column":29}},"loc":{"start":{"line":70,"column":43},"end":{"line":77,"column":17}},"line":70},"11":{"name":"(anonymous_11)","decl":{"start":{"line":83,"column":22},"end":{"line":83,"column":23}},"loc":{"start":{"line":83,"column":40},"end":{"line":86,"column":9}},"line":83}},"branchMap":{"0":{"loc":{"start":{"line":20,"column":16},"end":{"line":28,"column":17}},"type":"if","locations":[{"start":{"line":20,"column":16},"end":{"line":28,"column":17}},{"start":{"line":22,"column":23},"end":{"line":28,"column":17}}],"line":20},"1":{"loc":{"start":{"line":56,"column":20},"end":{"line":60,"column":21}},"type":"if","locations":[{"start":{"line":56,"column":20},"end":{"line":60,"column":21}},{"start":{"line":58,"column":27},"end":{"line":60,"column":21}}],"line":56},"2":{"loc":{"start":{"line":71,"column":20},"end":{"line":76,"column":21}},"type":"if","locations":[{"start":{"line":71,"column":20},"end":{"line":76,"column":21}},{"start":{"line":73,"column":25},"end":{"line":76,"column":21}}],"line":71}},"s":{"0":1,"1":1,"2":1,"3":1,"4":0,"5":0,"6":0,"7":0,"8":0,"9":0,"10":0,"11":0,"12":0,"13":0,"14":0,"15":0,"16":0,"17":0,"18":0,"19":0,"20":0,"21":0,"22":0,"23":0,"24":0,"25":0,"26":0,"27":0,"28":0,"29":0,"30":0,"31":0,"32":0,"33":0,"34":0,"35":1},"f":{"0":0,"1":0,"2":0,"3":0,"4":0,"5":0,"6":0,"7":0,"8":0,"9":0,"10":0,"11":0},"b":{"0":[0,0],"1":[0,0],"2":[0,0]},"_coverageSchema":"1a1c01bbd47fc00a2c39e90264f33305004495a9","hash":"f322ac56166d5d3f56f1fadda04ebcf394dd6519"}
,"D:\\express\\animals\\controllers\\index.js": {"path":"D:\\express\\animals\\controllers\\index.js","statementMap":{"0":{"start":{"line":1,"column":14},"end":{"line":1,"column":32}},"1":{"start":{"line":2,"column":13},"end":{"line":2,"column":29}},"2":{"start":{"line":4,"column":0},"end":{"line":4,"column":39}},"3":{"start":{"line":5,"column":0},"end":{"line":5,"column":39}},"4":{"start":{"line":6,"column":0},"end":{"line":6,"column":38}},"5":{"start":{"line":12,"column":0},"end":{"line":12,"column":24}}},"fnMap":{},"branchMap":{},"s":{"0":1,"1":1,"2":1,"3":1,"4":1,"5":1},"f":{},"b":{},"_coverageSchema":"1a1c01bbd47fc00a2c39e90264f33305004495a9","hash":"5db8feb3c4763db70faeeca59092cf7ec5b067a4"}
,"D:\\express\\animals\\controllers\\menu.js": {"path":"D:\\express\\animals\\controllers\\menu.js","statementMap":{"0":{"start":{"line":1,"column":14},"end":{"line":1,"column":41}},"1":{"start":{"line":2,"column":16},"end":{"line":2,"column":34}},"2":{"start":{"line":3,"column":15},"end":{"line":3,"column":31}},"3":{"start":{"line":5,"column":0},"end":{"line":15,"column":3}},"4":{"start":{"line":6,"column":4},"end":{"line":14,"column":5}},"5":{"start":{"line":7,"column":21},"end":{"line":7,"column":51}},"6":{"start":{"line":8,"column":8},"end":{"line":11,"column":9}},"7":{"start":{"line":9,"column":12},"end":{"line":9,"column":43}},"8":{"start":{"line":10,"column":12},"end":{"line":10,"column":18}},"9":{"start":{"line":13,"column":8},"end":{"line":13,"column":16}},"10":{"start":{"line":17,"column":0},"end":{"line":25,"column":2}},"11":{"start":{"line":18,"column":4},"end":{"line":24,"column":5}},"12":{"start":{"line":19,"column":21},"end":{"line":19,"column":51}},"13":{"start":{"line":20,"column":8},"end":{"line":20,"column":39}},"14":{"start":{"line":21,"column":8},"end":{"line":21,"column":14}},"15":{"start":{"line":23,"column":8},"end":{"line":23,"column":15}},"16":{"start":{"line":27,"column":0},"end":{"line":35,"column":2}},"17":{"start":{"line":28,"column":4},"end":{"line":34,"column":5}},"18":{"start":{"line":29,"column":21},"end":{"line":29,"column":53}},"19":{"start":{"line":30,"column":8},"end":{"line":30,"column":39}},"20":{"start":{"line":31,"column":8},"end":{"line":31,"column":14}},"21":{"start":{"line":33,"column":8},"end":{"line":33,"column":15}},"22":{"start":{"line":37,"column":0},"end":{"line":45,"column":2}},"23":{"start":{"line":38,"column":4},"end":{"line":44,"column":5}},"24":{"start":{"line":39,"column":21},"end":{"line":39,"column":51}},"25":{"start":{"line":40,"column":8},"end":{"line":40,"column":39}},"26":{"start":{"line":41,"column":8},"end":{"line":41,"column":14}},"27":{"start":{"line":43,"column":8},"end":{"line":43,"column":15}},"28":{"start":{"line":47,"column":0},"end":{"line":55,"column":2}},"29":{"start":{"line":48,"column":4},"end":{"line":54,"column":5}},"30":{"start":{"line":49,"column":21},"end":{"line":49,"column":53}},"31":{"start":{"line":50,"column":8},"end":{"line":50,"column":39}},"32":{"start":{"line":51,"column":8},"end":{"line":51,"column":14}},"33":{"start":{"line":53,"column":8},"end":{"line":53,"column":15}},"34":{"start":{"line":57,"column":0},"end":{"line":65,"column":2}},"35":{"start":{"line":58,"column":4},"end":{"line":64,"column":5}},"36":{"start":{"line":59,"column":21},"end":{"line":59,"column":54}},"37":{"start":{"line":60,"column":8},"end":{"line":60,"column":39}},"38":{"start":{"line":61,"column":8},"end":{"line":61,"column":14}},"39":{"start":{"line":63,"column":8},"end":{"line":63,"column":15}},"40":{"start":{"line":67,"column":0},"end":{"line":75,"column":2}},"41":{"start":{"line":68,"column":4},"end":{"line":74,"column":5}},"42":{"start":{"line":69,"column":21},"end":{"line":69,"column":58}},"43":{"start":{"line":70,"column":8},"end":{"line":70,"column":25}},"44":{"start":{"line":71,"column":8},"end":{"line":71,"column":14}},"45":{"start":{"line":73,"column":8},"end":{"line":73,"column":15}},"46":{"start":{"line":78,"column":0},"end":{"line":78,"column":21}}},"fnMap":{"0":{"name":"(anonymous_0)","decl":{"start":{"line":5,"column":22},"end":{"line":5,"column":23}},"loc":{"start":{"line":5,"column":44},"end":{"line":15,"column":1}},"line":5},"1":{"name":"(anonymous_1)","decl":{"start":{"line":17,"column":22},"end":{"line":17,"column":23}},"loc":{"start":{"line":17,"column":44},"end":{"line":25,"column":1}},"line":17},"2":{"name":"(anonymous_2)","decl":{"start":{"line":27,"column":20},"end":{"line":27,"column":21}},"loc":{"start":{"line":27,"column":42},"end":{"line":35,"column":1}},"line":27},"3":{"name":"(anonymous_3)","decl":{"start":{"line":37,"column":26},"end":{"line":37,"column":27}},"loc":{"start":{"line":37,"column":48},"end":{"line":45,"column":1}},"line":37},"4":{"name":"(anonymous_4)","decl":{"start":{"line":47,"column":23},"end":{"line":47,"column":24}},"loc":{"start":{"line":47,"column":45},"end":{"line":55,"column":1}},"line":47},"5":{"name":"(anonymous_5)","decl":{"start":{"line":57,"column":25},"end":{"line":57,"column":26}},"loc":{"start":{"line":57,"column":47},"end":{"line":65,"column":1}},"line":57},"6":{"name":"(anonymous_6)","decl":{"start":{"line":67,"column":24},"end":{"line":67,"column":25}},"loc":{"start":{"line":67,"column":46},"end":{"line":75,"column":1}},"line":67}},"branchMap":{"0":{"loc":{"start":{"line":8,"column":8},"end":{"line":11,"column":9}},"type":"if","locations":[{"start":{"line":8,"column":8},"end":{"line":11,"column":9}},{"start":{},"end":{}}],"line":8}},"s":{"0":1,"1":1,"2":1,"3":1,"4":0,"5":0,"6":0,"7":0,"8":0,"9":0,"10":1,"11":0,"12":0,"13":0,"14":0,"15":0,"16":1,"17":0,"18":0,"19":0,"20":0,"21":0,"22":1,"23":0,"24":0,"25":0,"26":0,"27":0,"28":1,"29":0,"30":0,"31":0,"32":0,"33":0,"34":1,"35":0,"36":0,"37":0,"38":0,"39":0,"40":1,"41":0,"42":0,"43":0,"44":0,"45":0,"46":1},"f":{"0":0,"1":0,"2":0,"3":0,"4":0,"5":0,"6":0},"b":{"0":[0,0]},"_coverageSchema":"1a1c01bbd47fc00a2c39e90264f33305004495a9","hash":"331bcbf03651f7b9a5b3396ac2ab3d5dbb22467d"}
,"D:\\express\\animals\\controllers\\role.js": {"path":"D:\\express\\animals\\controllers\\role.js","statementMap":{"0":{"start":{"line":1,"column":14},"end":{"line":1,"column":41}},"1":{"start":{"line":2,"column":16},"end":{"line":2,"column":34}},"2":{"start":{"line":3,"column":15},"end":{"line":3,"column":31}},"3":{"start":{"line":5,"column":0},"end":{"line":19,"column":3}},"4":{"start":{"line":6,"column":4},"end":{"line":18,"column":5}},"5":{"start":{"line":7,"column":21},"end":{"line":7,"column":55}},"6":{"start":{"line":8,"column":8},"end":{"line":11,"column":9}},"7":{"start":{"line":9,"column":12},"end":{"line":9,"column":40}},"8":{"start":{"line":10,"column":12},"end":{"line":10,"column":18}},"9":{"start":{"line":12,"column":8},"end":{"line":15,"column":9}},"10":{"start":{"line":13,"column":12},"end":{"line":13,"column":43}},"11":{"start":{"line":14,"column":12},"end":{"line":14,"column":18}},"12":{"start":{"line":17,"column":8},"end":{"line":17,"column":16}},"13":{"start":{"line":21,"column":0},"end":{"line":29,"column":2}},"14":{"start":{"line":22,"column":4},"end":{"line":28,"column":5}},"15":{"start":{"line":23,"column":21},"end":{"line":23,"column":51}},"16":{"start":{"line":24,"column":8},"end":{"line":24,"column":39}},"17":{"start":{"line":25,"column":8},"end":{"line":25,"column":14}},"18":{"start":{"line":27,"column":8},"end":{"line":27,"column":15}},"19":{"start":{"line":31,"column":0},"end":{"line":39,"column":2}},"20":{"start":{"line":32,"column":4},"end":{"line":38,"column":5}},"21":{"start":{"line":33,"column":21},"end":{"line":33,"column":49}},"22":{"start":{"line":34,"column":8},"end":{"line":34,"column":39}},"23":{"start":{"line":35,"column":8},"end":{"line":35,"column":14}},"24":{"start":{"line":37,"column":8},"end":{"line":37,"column":15}},"25":{"start":{"line":41,"column":0},"end":{"line":49,"column":2}},"26":{"start":{"line":42,"column":4},"end":{"line":48,"column":5}},"27":{"start":{"line":43,"column":21},"end":{"line":43,"column":51}},"28":{"start":{"line":44,"column":8},"end":{"line":44,"column":39}},"29":{"start":{"line":45,"column":8},"end":{"line":45,"column":14}},"30":{"start":{"line":47,"column":8},"end":{"line":47,"column":15}},"31":{"start":{"line":51,"column":0},"end":{"line":59,"column":2}},"32":{"start":{"line":52,"column":4},"end":{"line":58,"column":5}},"33":{"start":{"line":53,"column":21},"end":{"line":53,"column":55}},"34":{"start":{"line":54,"column":8},"end":{"line":54,"column":39}},"35":{"start":{"line":55,"column":8},"end":{"line":55,"column":14}},"36":{"start":{"line":57,"column":8},"end":{"line":57,"column":15}},"37":{"start":{"line":61,"column":0},"end":{"line":61,"column":21}}},"fnMap":{"0":{"name":"(anonymous_0)","decl":{"start":{"line":5,"column":22},"end":{"line":5,"column":23}},"loc":{"start":{"line":5,"column":44},"end":{"line":19,"column":1}},"line":5},"1":{"name":"(anonymous_1)","decl":{"start":{"line":21,"column":22},"end":{"line":21,"column":23}},"loc":{"start":{"line":21,"column":44},"end":{"line":29,"column":1}},"line":21},"2":{"name":"(anonymous_2)","decl":{"start":{"line":31,"column":20},"end":{"line":31,"column":21}},"loc":{"start":{"line":31,"column":42},"end":{"line":39,"column":1}},"line":31},"3":{"name":"(anonymous_3)","decl":{"start":{"line":41,"column":26},"end":{"line":41,"column":27}},"loc":{"start":{"line":41,"column":48},"end":{"line":49,"column":1}},"line":41},"4":{"name":"(anonymous_4)","decl":{"start":{"line":51,"column":25},"end":{"line":51,"column":26}},"loc":{"start":{"line":51,"column":47},"end":{"line":59,"column":1}},"line":51}},"branchMap":{"0":{"loc":{"start":{"line":8,"column":8},"end":{"line":11,"column":9}},"type":"if","locations":[{"start":{"line":8,"column":8},"end":{"line":11,"column":9}},{"start":{},"end":{}}],"line":8},"1":{"loc":{"start":{"line":12,"column":8},"end":{"line":15,"column":9}},"type":"if","locations":[{"start":{"line":12,"column":8},"end":{"line":15,"column":9}},{"start":{},"end":{}}],"line":12}},"s":{"0":1,"1":1,"2":1,"3":1,"4":0,"5":0,"6":0,"7":0,"8":0,"9":0,"10":0,"11":0,"12":0,"13":1,"14":0,"15":0,"16":0,"17":0,"18":0,"19":1,"20":0,"21":0,"22":0,"23":0,"24":0,"25":1,"26":0,"27":0,"28":0,"29":0,"30":0,"31":1,"32":1,"33":1,"34":1,"35":1,"36":0,"37":1},"f":{"0":0,"1":0,"2":0,"3":0,"4":1},"b":{"0":[0,0],"1":[0,0]},"_coverageSchema":"1a1c01bbd47fc00a2c39e90264f33305004495a9","hash":"881460109542a71897f5caf01d6c0e2cefabdc3b"}
,"D:\\express\\animals\\controllers\\user.js": {"path":"D:\\express\\animals\\controllers\\user.js","statementMap":{"0":{"start":{"line":1,"column":14},"end":{"line":1,"column":41}},"1":{"start":{"line":2,"column":16},"end":{"line":2,"column":34}},"2":{"start":{"line":3,"column":15},"end":{"line":3,"column":31}},"3":{"start":{"line":4,"column":15},"end":{"line":4,"column":32}},"4":{"start":{"line":5,"column":11},"end":{"line":5,"column":24}},"5":{"start":{"line":6,"column":11},"end":{"line":6,"column":26}},"6":{"start":{"line":7,"column":15},"end":{"line":7,"column":32}},"7":{"start":{"line":8,"column":11},"end":{"line":8,"column":52}},"8":{"start":{"line":11,"column":21},"end":{"line":17,"column":1}},"9":{"start":{"line":12,"column":4},"end":{"line":16,"column":5}},"10":{"start":{"line":13,"column":8},"end":{"line":13,"column":30}},"11":{"start":{"line":15,"column":8},"end":{"line":15,"column":31}},"12":{"start":{"line":19,"column":21},"end":{"line":19,"column":45}},"13":{"start":{"line":20,"column":0},"end":{"line":20,"column":27}},"14":{"start":{"line":22,"column":14},"end":{"line":30,"column":2}},"15":{"start":{"line":24,"column":8},"end":{"line":24,"column":31}},"16":{"start":{"line":27,"column":18},"end":{"line":27,"column":49}},"17":{"start":{"line":28,"column":8},"end":{"line":28,"column":55}},"18":{"start":{"line":32,"column":13},"end":{"line":32,"column":41}},"19":{"start":{"line":44,"column":0},"end":{"line":58,"column":3}},"20":{"start":{"line":45,"column":4},"end":{"line":57,"column":5}},"21":{"start":{"line":46,"column":21},"end":{"line":46,"column":55}},"22":{"start":{"line":47,"column":8},"end":{"line":50,"column":9}},"23":{"start":{"line":48,"column":12},"end":{"line":48,"column":40}},"24":{"start":{"line":49,"column":12},"end":{"line":49,"column":18}},"25":{"start":{"line":51,"column":8},"end":{"line":54,"column":9}},"26":{"start":{"line":52,"column":12},"end":{"line":52,"column":43}},"27":{"start":{"line":53,"column":12},"end":{"line":53,"column":18}},"28":{"start":{"line":56,"column":8},"end":{"line":56,"column":16}},"29":{"start":{"line":79,"column":0},"end":{"line":101,"column":2}},"30":{"start":{"line":80,"column":4},"end":{"line":100,"column":5}},"31":{"start":{"line":81,"column":21},"end":{"line":81,"column":50}},"32":{"start":{"line":82,"column":8},"end":{"line":85,"column":9}},"33":{"start":{"line":83,"column":12},"end":{"line":83,"column":38}},"34":{"start":{"line":84,"column":12},"end":{"line":84,"column":18}},"35":{"start":{"line":86,"column":8},"end":{"line":89,"column":9}},"36":{"start":{"line":87,"column":12},"end":{"line":87,"column":37}},"37":{"start":{"line":88,"column":12},"end":{"line":88,"column":18}},"38":{"start":{"line":90,"column":8},"end":{"line":93,"column":9}},"39":{"start":{"line":91,"column":12},"end":{"line":91,"column":47}},"40":{"start":{"line":92,"column":12},"end":{"line":92,"column":18}},"41":{"start":{"line":94,"column":8},"end":{"line":97,"column":9}},"42":{"start":{"line":95,"column":12},"end":{"line":95,"column":43}},"43":{"start":{"line":96,"column":12},"end":{"line":96,"column":18}},"44":{"start":{"line":99,"column":8},"end":{"line":99,"column":15}},"45":{"start":{"line":103,"column":0},"end":{"line":111,"column":2}},"46":{"start":{"line":104,"column":4},"end":{"line":110,"column":5}},"47":{"start":{"line":105,"column":21},"end":{"line":105,"column":51}},"48":{"start":{"line":106,"column":8},"end":{"line":106,"column":39}},"49":{"start":{"line":107,"column":8},"end":{"line":107,"column":14}},"50":{"start":{"line":109,"column":8},"end":{"line":109,"column":15}},"51":{"start":{"line":113,"column":0},"end":{"line":121,"column":2}},"52":{"start":{"line":114,"column":4},"end":{"line":120,"column":5}},"53":{"start":{"line":115,"column":21},"end":{"line":115,"column":49}},"54":{"start":{"line":116,"column":8},"end":{"line":116,"column":39}},"55":{"start":{"line":117,"column":8},"end":{"line":117,"column":14}},"56":{"start":{"line":119,"column":8},"end":{"line":119,"column":15}},"57":{"start":{"line":123,"column":0},"end":{"line":131,"column":2}},"58":{"start":{"line":124,"column":4},"end":{"line":130,"column":5}},"59":{"start":{"line":125,"column":21},"end":{"line":125,"column":51}},"60":{"start":{"line":126,"column":8},"end":{"line":126,"column":39}},"61":{"start":{"line":127,"column":8},"end":{"line":127,"column":14}},"62":{"start":{"line":129,"column":8},"end":{"line":129,"column":15}},"63":{"start":{"line":133,"column":0},"end":{"line":145,"column":2}},"64":{"start":{"line":134,"column":4},"end":{"line":144,"column":5}},"65":{"start":{"line":135,"column":21},"end":{"line":135,"column":54}},"66":{"start":{"line":136,"column":8},"end":{"line":139,"column":9}},"67":{"start":{"line":137,"column":12},"end":{"line":137,"column":38}},"68":{"start":{"line":138,"column":12},"end":{"line":138,"column":19}},"69":{"start":{"line":140,"column":8},"end":{"line":140,"column":42}},"70":{"start":{"line":141,"column":8},"end":{"line":141,"column":14}},"71":{"start":{"line":143,"column":8},"end":{"line":143,"column":15}},"72":{"start":{"line":147,"column":0},"end":{"line":155,"column":2}},"73":{"start":{"line":148,"column":4},"end":{"line":154,"column":5}},"74":{"start":{"line":149,"column":21},"end":{"line":149,"column":54}},"75":{"start":{"line":150,"column":8},"end":{"line":150,"column":55}},"76":{"start":{"line":151,"column":8},"end":{"line":151,"column":14}},"77":{"start":{"line":153,"column":8},"end":{"line":153,"column":15}},"78":{"start":{"line":168,"column":0},"end":{"line":175,"column":2}},"79":{"start":{"line":169,"column":4},"end":{"line":174,"column":5}},"80":{"start":{"line":170,"column":21},"end":{"line":170,"column":56}},"81":{"start":{"line":171,"column":8},"end":{"line":171,"column":42}},"82":{"start":{"line":173,"column":8},"end":{"line":173,"column":16}},"83":{"start":{"line":177,"column":0},"end":{"line":177,"column":21}}},"fnMap":{"0":{"name":"(anonymous_0)","decl":{"start":{"line":11,"column":21},"end":{"line":11,"column":22}},"loc":{"start":{"line":11,"column":43},"end":{"line":17,"column":1}},"line":11},"1":{"name":"(anonymous_1)","decl":{"start":{"line":23,"column":17},"end":{"line":23,"column":18}},"loc":{"start":{"line":23,"column":42},"end":{"line":25,"column":5}},"line":23},"2":{"name":"(anonymous_2)","decl":{"start":{"line":26,"column":14},"end":{"line":26,"column":15}},"loc":{"start":{"line":26,"column":39},"end":{"line":29,"column":5}},"line":26},"3":{"name":"(anonymous_3)","decl":{"start":{"line":44,"column":43},"end":{"line":44,"column":44}},"loc":{"start":{"line":44,"column":65},"end":{"line":58,"column":1}},"line":44},"4":{"name":"(anonymous_4)","decl":{"start":{"line":79,"column":21},"end":{"line":79,"column":22}},"loc":{"start":{"line":79,"column":43},"end":{"line":101,"column":1}},"line":79},"5":{"name":"(anonymous_5)","decl":{"start":{"line":103,"column":43},"end":{"line":103,"column":44}},"loc":{"start":{"line":103,"column":65},"end":{"line":111,"column":1}},"line":103},"6":{"name":"(anonymous_6)","decl":{"start":{"line":113,"column":39},"end":{"line":113,"column":40}},"loc":{"start":{"line":113,"column":61},"end":{"line":121,"column":1}},"line":113},"7":{"name":"(anonymous_7)","decl":{"start":{"line":123,"column":47},"end":{"line":123,"column":48}},"loc":{"start":{"line":123,"column":69},"end":{"line":131,"column":1}},"line":123},"8":{"name":"(anonymous_8)","decl":{"start":{"line":133,"column":46},"end":{"line":133,"column":47}},"loc":{"start":{"line":133,"column":68},"end":{"line":145,"column":1}},"line":133},"9":{"name":"(anonymous_9)","decl":{"start":{"line":147,"column":24},"end":{"line":147,"column":25}},"loc":{"start":{"line":147,"column":46},"end":{"line":155,"column":1}},"line":147},"10":{"name":"(anonymous_10)","decl":{"start":{"line":168,"column":49},"end":{"line":168,"column":50}},"loc":{"start":{"line":168,"column":71},"end":{"line":175,"column":1}},"line":168}},"branchMap":{"0":{"loc":{"start":{"line":47,"column":8},"end":{"line":50,"column":9}},"type":"if","locations":[{"start":{"line":47,"column":8},"end":{"line":50,"column":9}},{"start":{},"end":{}}],"line":47},"1":{"loc":{"start":{"line":51,"column":8},"end":{"line":54,"column":9}},"type":"if","locations":[{"start":{"line":51,"column":8},"end":{"line":54,"column":9}},{"start":{},"end":{}}],"line":51},"2":{"loc":{"start":{"line":82,"column":8},"end":{"line":85,"column":9}},"type":"if","locations":[{"start":{"line":82,"column":8},"end":{"line":85,"column":9}},{"start":{},"end":{}}],"line":82},"3":{"loc":{"start":{"line":86,"column":8},"end":{"line":89,"column":9}},"type":"if","locations":[{"start":{"line":86,"column":8},"end":{"line":89,"column":9}},{"start":{},"end":{}}],"line":86},"4":{"loc":{"start":{"line":90,"column":8},"end":{"line":93,"column":9}},"type":"if","locations":[{"start":{"line":90,"column":8},"end":{"line":93,"column":9}},{"start":{},"end":{}}],"line":90},"5":{"loc":{"start":{"line":94,"column":8},"end":{"line":97,"column":9}},"type":"if","locations":[{"start":{"line":94,"column":8},"end":{"line":97,"column":9}},{"start":{},"end":{}}],"line":94},"6":{"loc":{"start":{"line":136,"column":8},"end":{"line":139,"column":9}},"type":"if","locations":[{"start":{"line":136,"column":8},"end":{"line":139,"column":9}},{"start":{},"end":{}}],"line":136}},"s":{"0":1,"1":1,"2":1,"3":1,"4":1,"5":1,"6":1,"7":1,"8":1,"9":1,"10":1,"11":0,"12":1,"13":1,"14":1,"15":0,"16":0,"17":0,"18":1,"19":1,"20":0,"21":0,"22":0,"23":0,"24":0,"25":0,"26":0,"27":0,"28":0,"29":1,"30":1,"31":1,"32":1,"33":0,"34":0,"35":1,"36":0,"37":0,"38":1,"39":0,"40":0,"41":1,"42":1,"43":1,"44":0,"45":1,"46":0,"47":0,"48":0,"49":0,"50":0,"51":1,"52":0,"53":0,"54":0,"55":0,"56":0,"57":1,"58":0,"59":0,"60":0,"61":0,"62":0,"63":1,"64":0,"65":0,"66":0,"67":0,"68":0,"69":0,"70":0,"71":0,"72":1,"73":0,"74":0,"75":0,"76":0,"77":0,"78":1,"79":0,"80":0,"81":0,"82":0,"83":1},"f":{"0":1,"1":0,"2":0,"3":0,"4":1,"5":0,"6":0,"7":0,"8":0,"9":0,"10":0},"b":{"0":[0,0],"1":[0,0],"2":[0,1],"3":[0,1],"4":[0,1],"5":[1,0],"6":[0,0]},"_coverageSchema":"1a1c01bbd47fc00a2c39e90264f33305004495a9","hash":"2ee1866d42fac8a6daaba0fd6135ab0c7f2b64c9"}
,"D:\\express\\animals\\error\\error.js": {"path":"D:\\express\\animals\\error\\error.js","statementMap":{"0":{"start":{"line":5,"column":2},"end":{"line":5,"column":17}},"1":{"start":{"line":6,"column":8},"end":{"line":6,"column":32}},"2":{"start":{"line":7,"column":2},"end":{"line":7,"column":19}},"3":{"start":{"line":13,"column":2},"end":{"line":13,"column":17}},"4":{"start":{"line":14,"column":8},"end":{"line":14,"column":30}},"5":{"start":{"line":15,"column":2},"end":{"line":15,"column":19}},"6":{"start":{"line":21,"column":2},"end":{"line":21,"column":17}},"7":{"start":{"line":22,"column":8},"end":{"line":22,"column":34}},"8":{"start":{"line":23,"column":2},"end":{"line":23,"column":19}},"9":{"start":{"line":29,"column":2},"end":{"line":29,"column":17}},"10":{"start":{"line":30,"column":8},"end":{"line":30,"column":33}},"11":{"start":{"line":31,"column":2},"end":{"line":31,"column":19}},"12":{"start":{"line":36,"column":0},"end":{"line":41,"column":1}}},"fnMap":{"0":{"name":"(anonymous_0)","decl":{"start":{"line":4,"column":1},"end":{"line":4,"column":2}},"loc":{"start":{"line":4,"column":30},"end":{"line":8,"column":2}},"line":4},"1":{"name":"(anonymous_1)","decl":{"start":{"line":12,"column":1},"end":{"line":12,"column":2}},"loc":{"start":{"line":12,"column":30},"end":{"line":16,"column":2}},"line":12},"2":{"name":"(anonymous_2)","decl":{"start":{"line":20,"column":1},"end":{"line":20,"column":2}},"loc":{"start":{"line":20,"column":30},"end":{"line":24,"column":2}},"line":20},"3":{"name":"(anonymous_3)","decl":{"start":{"line":28,"column":1},"end":{"line":28,"column":2}},"loc":{"start":{"line":28,"column":30},"end":{"line":32,"column":2}},"line":28}},"branchMap":{},"s":{"0":0,"1":0,"2":0,"3":0,"4":0,"5":0,"6":0,"7":0,"8":0,"9":0,"10":0,"11":0,"12":1},"f":{"0":0,"1":0,"2":0,"3":0},"b":{},"_coverageSchema":"1a1c01bbd47fc00a2c39e90264f33305004495a9","hash":"a632d3c2e8055097f6921bd757daba192a001ae2"}
,"D:\\express\\animals\\error\\error_code.js": {"path":"D:\\express\\animals\\error\\error_code.js","statementMap":{"0":{"start":{"line":3,"column":15},"end":{"line":6,"column":1}},"1":{"start":{"line":8,"column":20},"end":{"line":21,"column":1}},"2":{"start":{"line":23,"column":19},"end":{"line":114,"column":2}},"3":{"start":{"line":116,"column":0},"end":{"line":120,"column":2}}},"fnMap":{},"branchMap":{},"s":{"0":1,"1":1,"2":1,"3":1},"f":{},"b":{},"_coverageSchema":"1a1c01bbd47fc00a2c39e90264f33305004495a9","hash":"1afe9ad20a4b29eeeb8a36c61cb2778f5e9ad23f"}
,"D:\\express\\animals\\middilewares\\authentication.js": {"path":"D:\\express\\animals\\middilewares\\authentication.js","statementMap":{"0":{"start":{"line":1,"column":15},"end":{"line":1,"column":44}},"1":{"start":{"line":2,"column":16},"end":{"line":2,"column":27}},"2":{"start":{"line":4,"column":21},"end":{"line":40,"column":1}},"3":{"start":{"line":6,"column":16},"end":{"line":6,"column":54}},"4":{"start":{"line":7,"column":8},"end":{"line":9,"column":9}},"5":{"start":{"line":8,"column":12},"end":{"line":8,"column":49}},"6":{"start":{"line":10,"column":8},"end":{"line":10,"column":15}},"7":{"start":{"line":13,"column":16},"end":{"line":13,"column":56}},"8":{"start":{"line":14,"column":8},"end":{"line":16,"column":9}},"9":{"start":{"line":15,"column":12},"end":{"line":15,"column":49}},"10":{"start":{"line":17,"column":8},"end":{"line":17,"column":15}},"11":{"start":{"line":20,"column":16},"end":{"line":20,"column":56}},"12":{"start":{"line":21,"column":8},"end":{"line":23,"column":9}},"13":{"start":{"line":22,"column":12},"end":{"line":22,"column":49}},"14":{"start":{"line":24,"column":8},"end":{"line":24,"column":15}},"15":{"start":{"line":27,"column":16},"end":{"line":27,"column":56}},"16":{"start":{"line":28,"column":8},"end":{"line":30,"column":9}},"17":{"start":{"line":29,"column":12},"end":{"line":29,"column":49}},"18":{"start":{"line":31,"column":8},"end":{"line":31,"column":15}},"19":{"start":{"line":34,"column":16},"end":{"line":34,"column":56}},"20":{"start":{"line":35,"column":8},"end":{"line":37,"column":9}},"21":{"start":{"line":36,"column":12},"end":{"line":36,"column":49}},"22":{"start":{"line":38,"column":8},"end":{"line":38,"column":15}},"23":{"start":{"line":42,"column":23},"end":{"line":53,"column":1}},"24":{"start":{"line":43,"column":13},"end":{"line":48,"column":6}},"25":{"start":{"line":44,"column":20},"end":{"line":44,"column":78}},"26":{"start":{"line":44,"column":53},"end":{"line":44,"column":77}},"27":{"start":{"line":45,"column":8},"end":{"line":47,"column":9}},"28":{"start":{"line":46,"column":12},"end":{"line":46,"column":50}},"29":{"start":{"line":49,"column":4},"end":{"line":51,"column":5}},"30":{"start":{"line":50,"column":8},"end":{"line":50,"column":80}},"31":{"start":{"line":52,"column":4},"end":{"line":52,"column":24}},"32":{"start":{"line":55,"column":0},"end":{"line":55,"column":30}}},"fnMap":{"0":{"name":"(anonymous_0)","decl":{"start":{"line":5,"column":18},"end":{"line":5,"column":19}},"loc":{"start":{"line":5,"column":40},"end":{"line":11,"column":5}},"line":5},"1":{"name":"(anonymous_1)","decl":{"start":{"line":12,"column":20},"end":{"line":12,"column":21}},"loc":{"start":{"line":12,"column":42},"end":{"line":18,"column":5}},"line":12},"2":{"name":"(anonymous_2)","decl":{"start":{"line":19,"column":20},"end":{"line":19,"column":21}},"loc":{"start":{"line":19,"column":42},"end":{"line":25,"column":5}},"line":19},"3":{"name":"(anonymous_3)","decl":{"start":{"line":26,"column":20},"end":{"line":26,"column":21}},"loc":{"start":{"line":26,"column":42},"end":{"line":32,"column":5}},"line":26},"4":{"name":"(anonymous_4)","decl":{"start":{"line":33,"column":20},"end":{"line":33,"column":21}},"loc":{"start":{"line":33,"column":42},"end":{"line":39,"column":5}},"line":33},"5":{"name":"(anonymous_5)","decl":{"start":{"line":42,"column":23},"end":{"line":42,"column":24}},"loc":{"start":{"line":42,"column":55},"end":{"line":53,"column":1}},"line":42},"6":{"name":"(anonymous_6)","decl":{"start":{"line":43,"column":27},"end":{"line":43,"column":28}},"loc":{"start":{"line":43,"column":30},"end":{"line":48,"column":5}},"line":43},"7":{"name":"(anonymous_7)","decl":{"start":{"line":44,"column":50},"end":{"line":44,"column":51}},"loc":{"start":{"line":44,"column":53},"end":{"line":44,"column":77}},"line":44}},"branchMap":{"0":{"loc":{"start":{"line":7,"column":8},"end":{"line":9,"column":9}},"type":"if","locations":[{"start":{"line":7,"column":8},"end":{"line":9,"column":9}},{"start":{},"end":{}}],"line":7},"1":{"loc":{"start":{"line":14,"column":8},"end":{"line":16,"column":9}},"type":"if","locations":[{"start":{"line":14,"column":8},"end":{"line":16,"column":9}},{"start":{},"end":{}}],"line":14},"2":{"loc":{"start":{"line":21,"column":8},"end":{"line":23,"column":9}},"type":"if","locations":[{"start":{"line":21,"column":8},"end":{"line":23,"column":9}},{"start":{},"end":{}}],"line":21},"3":{"loc":{"start":{"line":28,"column":8},"end":{"line":30,"column":9}},"type":"if","locations":[{"start":{"line":28,"column":8},"end":{"line":30,"column":9}},{"start":{},"end":{}}],"line":28},"4":{"loc":{"start":{"line":35,"column":8},"end":{"line":37,"column":9}},"type":"if","locations":[{"start":{"line":35,"column":8},"end":{"line":37,"column":9}},{"start":{},"end":{}}],"line":35},"5":{"loc":{"start":{"line":45,"column":8},"end":{"line":47,"column":9}},"type":"if","locations":[{"start":{"line":45,"column":8},"end":{"line":47,"column":9}},{"start":{},"end":{}}],"line":45},"6":{"loc":{"start":{"line":49,"column":4},"end":{"line":51,"column":5}},"type":"if","locations":[{"start":{"line":49,"column":4},"end":{"line":51,"column":5}},{"start":{},"end":{}}],"line":49}},"s":{"0":1,"1":1,"2":1,"3":0,"4":0,"5":0,"6":0,"7":0,"8":0,"9":0,"10":0,"11":0,"12":0,"13":0,"14":0,"15":0,"16":0,"17":0,"18":0,"19":0,"20":0,"21":0,"22":0,"23":1,"24":0,"25":0,"26":0,"27":0,"28":0,"29":0,"30":0,"31":0,"32":1},"f":{"0":0,"1":0,"2":0,"3":0,"4":0,"5":0,"6":0,"7":0},"b":{"0":[0,0],"1":[0,0],"2":[0,0],"3":[0,0],"4":[0,0],"5":[0,0],"6":[0,0]},"_coverageSchema":"1a1c01bbd47fc00a2c39e90264f33305004495a9","hash":"e24d258439f4fa3a6b96e8e607df2b66b424f57a"}
,"D:\\express\\animals\\middilewares\\loggerMiddleWare.js": {"path":"D:\\express\\animals\\middilewares\\loggerMiddleWare.js","statementMap":{"0":{"start":{"line":3,"column":16},"end":{"line":3,"column":34}},"1":{"start":{"line":4,"column":23},"end":{"line":4,"column":49}},"2":{"start":{"line":5,"column":0},"end":{"line":5,"column":37}},"3":{"start":{"line":6,"column":16},"end":{"line":6,"column":37}},"4":{"start":{"line":7,"column":11},"end":{"line":7,"column":24}},"5":{"start":{"line":8,"column":13},"end":{"line":8,"column":28}},"6":{"start":{"line":9,"column":13},"end":{"line":9,"column":39}},"7":{"start":{"line":11,"column":17},"end":{"line":11,"column":46}},"8":{"start":{"line":14,"column":22},"end":{"line":22,"column":1}},"9":{"start":{"line":15,"column":17},"end":{"line":18,"column":80}},"10":{"start":{"line":19,"column":17},"end":{"line":19,"column":46}},"11":{"start":{"line":20,"column":4},"end":{"line":20,"column":45}},"12":{"start":{"line":21,"column":4},"end":{"line":21,"column":20}},"13":{"start":{"line":24,"column":18},"end":{"line":32,"column":2}},"14":{"start":{"line":33,"column":23},"end":{"line":41,"column":2}},"15":{"start":{"line":43,"column":0},"end":{"line":46,"column":3}},"16":{"start":{"line":45,"column":4},"end":{"line":45,"column":40}},"17":{"start":{"line":48,"column":13},"end":{"line":52,"column":2}},"18":{"start":{"line":54,"column":18},"end":{"line":70,"column":2}},"19":{"start":{"line":65,"column":22},"end":{"line":67,"column":9}},"20":{"start":{"line":68,"column":8},"end":{"line":68,"column":43}},"21":{"start":{"line":72,"column":0},"end":{"line":75,"column":2}}},"fnMap":{"0":{"name":"(anonymous_0)","decl":{"start":{"line":14,"column":22},"end":{"line":14,"column":23}},"loc":{"start":{"line":14,"column":36},"end":{"line":22,"column":1}},"line":14},"1":{"name":"(anonymous_1)","decl":{"start":{"line":43,"column":23},"end":{"line":43,"column":24}},"loc":{"start":{"line":43,"column":53},"end":{"line":46,"column":1}},"line":43},"2":{"name":"(anonymous_2)","decl":{"start":{"line":64,"column":17},"end":{"line":64,"column":18}},"loc":{"start":{"line":64,"column":31},"end":{"line":69,"column":5}},"line":64}},"branchMap":{},"s":{"0":1,"1":1,"2":1,"3":1,"4":1,"5":1,"6":1,"7":1,"8":1,"9":1,"10":1,"11":1,"12":1,"13":1,"14":1,"15":1,"16":0,"17":1,"18":1,"19":2,"20":2,"21":1},"f":{"0":1,"1":0,"2":2},"b":{},"_coverageSchema":"1a1c01bbd47fc00a2c39e90264f33305004495a9","hash":"8062adbd73fe6d4e38f22aa7fbc88324264cf048"}
,"D:\\express\\animals\\middilewares\\redisToken.js": {"path":"D:\\express\\animals\\middilewares\\redisToken.js","statementMap":{"0":{"start":{"line":1,"column":15},"end":{"line":1,"column":44}},"1":{"start":{"line":2,"column":19},"end":{"line":2,"column":44}},"2":{"start":{"line":3,"column":19},"end":{"line":3,"column":49}},"3":{"start":{"line":5,"column":0},"end":{"line":26,"column":1}},"4":{"start":{"line":6,"column":13},"end":{"line":6,"column":40}},"5":{"start":{"line":7,"column":15},"end":{"line":7,"column":23}},"6":{"start":{"line":8,"column":4},"end":{"line":25,"column":5}},"7":{"start":{"line":9,"column":8},"end":{"line":12,"column":9}},"8":{"start":{"line":10,"column":12},"end":{"line":10,"column":98}},"9":{"start":{"line":11,"column":12},"end":{"line":11,"column":26}},"10":{"start":{"line":13,"column":8},"end":{"line":22,"column":9}},"11":{"start":{"line":14,"column":12},"end":{"line":21,"column":15}},"12":{"start":{"line":15,"column":16},"end":{"line":20,"column":17}},"13":{"start":{"line":16,"column":20},"end":{"line":16,"column":105}},"14":{"start":{"line":18,"column":20},"end":{"line":18,"column":107}},"15":{"start":{"line":19,"column":20},"end":{"line":19,"column":34}},"16":{"start":{"line":24,"column":8},"end":{"line":24,"column":86}}},"fnMap":{"0":{"name":"(anonymous_0)","decl":{"start":{"line":5,"column":17},"end":{"line":5,"column":18}},"loc":{"start":{"line":5,"column":36},"end":{"line":26,"column":1}},"line":5},"1":{"name":"(anonymous_1)","decl":{"start":{"line":10,"column":90},"end":{"line":10,"column":91}},"loc":{"start":{"line":10,"column":95},"end":{"line":10,"column":97}},"line":10},"2":{"name":"(anonymous_2)","decl":{"start":{"line":14,"column":55},"end":{"line":14,"column":56}},"loc":{"start":{"line":14,"column":66},"end":{"line":21,"column":13}},"line":14},"3":{"name":"(anonymous_3)","decl":{"start":{"line":18,"column":98},"end":{"line":18,"column":99}},"loc":{"start":{"line":18,"column":103},"end":{"line":18,"column":105}},"line":18}},"branchMap":{"0":{"loc":{"start":{"line":9,"column":8},"end":{"line":12,"column":9}},"type":"if","locations":[{"start":{"line":9,"column":8},"end":{"line":12,"column":9}},{"start":{},"end":{}}],"line":9},"1":{"loc":{"start":{"line":13,"column":8},"end":{"line":22,"column":9}},"type":"if","locations":[{"start":{"line":13,"column":8},"end":{"line":22,"column":9}},{"start":{},"end":{}}],"line":13},"2":{"loc":{"start":{"line":15,"column":16},"end":{"line":20,"column":17}},"type":"if","locations":[{"start":{"line":15,"column":16},"end":{"line":20,"column":17}},{"start":{"line":17,"column":21},"end":{"line":20,"column":17}}],"line":15},"3":{"loc":{"start":{"line":15,"column":19},"end":{"line":15,"column":33}},"type":"binary-expr","locations":[{"start":{"line":15,"column":19},"end":{"line":15,"column":23}},{"start":{"line":15,"column":25},"end":{"line":15,"column":33}}],"line":15}},"s":{"0":1,"1":1,"2":1,"3":1,"4":2,"5":2,"6":2,"7":2,"8":1,"9":1,"10":1,"11":1,"12":1,"13":0,"14":1,"15":1,"16":0},"f":{"0":2,"1":1,"2":1,"3":1},"b":{"0":[1,1],"1":[1,0],"2":[0,1],"3":[1,1]},"_coverageSchema":"1a1c01bbd47fc00a2c39e90264f33305004495a9","hash":"ec17354aac15da25038035e06809e5b7f481facf"}
,"D:\\express\\animals\\middilewares\\unifyResFormat.js": {"path":"D:\\express\\animals\\middilewares\\unifyResFormat.js","statementMap":{"0":{"start":{"line":1,"column":0},"end":{"line":19,"column":1}},"1":{"start":{"line":2,"column":4},"end":{"line":17,"column":6}},"2":{"start":{"line":3,"column":23},"end":{"line":3,"column":25}},"3":{"start":{"line":4,"column":8},"end":{"line":15,"column":9}},"4":{"start":{"line":5,"column":12},"end":{"line":9,"column":13}},"5":{"start":{"line":11,"column":12},"end":{"line":14,"column":13}},"6":{"start":{"line":16,"column":8},"end":{"line":16,"column":26}},"7":{"start":{"line":18,"column":4},"end":{"line":18,"column":10}}},"fnMap":{"0":{"name":"(anonymous_0)","decl":{"start":{"line":1,"column":17},"end":{"line":1,"column":18}},"loc":{"start":{"line":1,"column":36},"end":{"line":19,"column":1}},"line":1},"1":{"name":"(anonymous_1)","decl":{"start":{"line":2,"column":18},"end":{"line":2,"column":19}},"loc":{"start":{"line":2,"column":41},"end":{"line":17,"column":5}},"line":2}},"branchMap":{"0":{"loc":{"start":{"line":4,"column":8},"end":{"line":15,"column":9}},"type":"if","locations":[{"start":{"line":4,"column":8},"end":{"line":15,"column":9}},{"start":{"line":10,"column":15},"end":{"line":15,"column":9}}],"line":4}},"s":{"0":1,"1":2,"2":2,"3":2,"4":2,"5":0,"6":2,"7":2},"f":{"0":2,"1":2},"b":{"0":[2,0]},"_coverageSchema":"1a1c01bbd47fc00a2c39e90264f33305004495a9","hash":"12470af59aadc7de8468893b0c1c5359bd112922"}
,"D:\\express\\animals\\models\\menu.js": {"path":"D:\\express\\animals\\models\\menu.js","statementMap":{"0":{"start":{"line":13,"column":9},"end":{"line":13,"column":35}},"1":{"start":{"line":14,"column":10},"end":{"line":14,"column":44}},"2":{"start":{"line":16,"column":0},"end":{"line":65,"column":1}},"3":{"start":{"line":18,"column":21},"end":{"line":18,"column":32}},"4":{"start":{"line":19,"column":8},"end":{"line":30,"column":9}},"5":{"start":{"line":20,"column":25},"end":{"line":22,"column":13}},"6":{"start":{"line":23,"column":12},"end":{"line":23,"column":34}},"7":{"start":{"line":24,"column":12},"end":{"line":24,"column":26}},"8":{"start":{"line":26,"column":12},"end":{"line":26,"column":36}},"9":{"start":{"line":27,"column":12},"end":{"line":27,"column":20}},"10":{"start":{"line":29,"column":12},"end":{"line":29,"column":32}},"11":{"start":{"line":34,"column":21},"end":{"line":36,"column":9}},"12":{"start":{"line":37,"column":8},"end":{"line":37,"column":22}},"13":{"start":{"line":40,"column":16},"end":{"line":40,"column":53}},"14":{"start":{"line":41,"column":21},"end":{"line":41,"column":45}},"15":{"start":{"line":42,"column":8},"end":{"line":42,"column":22}},"16":{"start":{"line":45,"column":16},"end":{"line":45,"column":53}},"17":{"start":{"line":46,"column":21},"end":{"line":46,"column":45}},"18":{"start":{"line":47,"column":8},"end":{"line":47,"column":29}},"19":{"start":{"line":50,"column":16},"end":{"line":50,"column":34}},"20":{"start":{"line":51,"column":8},"end":{"line":54,"column":9}},"21":{"start":{"line":52,"column":12},"end":{"line":52,"column":34}},"22":{"start":{"line":52,"column":25},"end":{"line":52,"column":34}},"23":{"start":{"line":53,"column":12},"end":{"line":53,"column":37}},"24":{"start":{"line":55,"column":8},"end":{"line":55,"column":39}},"25":{"start":{"line":56,"column":8},"end":{"line":56,"column":36}},"26":{"start":{"line":57,"column":21},"end":{"line":57,"column":45}},"27":{"start":{"line":58,"column":8},"end":{"line":58,"column":22}},"28":{"start":{"line":61,"column":16},"end":{"line":61,"column":51}},"29":{"start":{"line":62,"column":21},"end":{"line":62,"column":45}},"30":{"start":{"line":63,"column":8},"end":{"line":63,"column":22}}},"fnMap":{"0":{"name":"(anonymous_0)","decl":{"start":{"line":17,"column":11},"end":{"line":17,"column":12}},"loc":{"start":{"line":17,"column":35},"end":{"line":31,"column":5}},"line":17},"1":{"name":"(anonymous_1)","decl":{"start":{"line":32,"column":11},"end":{"line":32,"column":12}},"loc":{"start":{"line":32,"column":46},"end":{"line":38,"column":5}},"line":32},"2":{"name":"(anonymous_2)","decl":{"start":{"line":39,"column":12},"end":{"line":39,"column":13}},"loc":{"start":{"line":39,"column":37},"end":{"line":43,"column":5}},"line":39},"3":{"name":"(anonymous_3)","decl":{"start":{"line":44,"column":10},"end":{"line":44,"column":11}},"loc":{"start":{"line":44,"column":35},"end":{"line":48,"column":5}},"line":44},"4":{"name":"(anonymous_4)","decl":{"start":{"line":49,"column":11},"end":{"line":49,"column":12}},"loc":{"start":{"line":49,"column":36},"end":{"line":59,"column":5}},"line":49},"5":{"name":"(anonymous_5)","decl":{"start":{"line":60,"column":11},"end":{"line":60,"column":12}},"loc":{"start":{"line":60,"column":36},"end":{"line":64,"column":5}},"line":60}},"branchMap":{"0":{"loc":{"start":{"line":21,"column":81},"end":{"line":21,"column":92}},"type":"binary-expr","locations":[{"start":{"line":21,"column":81},"end":{"line":21,"column":89}},{"start":{"line":21,"column":91},"end":{"line":21,"column":92}}],"line":21},"1":{"loc":{"start":{"line":21,"column":97},"end":{"line":21,"column":125}},"type":"cond-expr","locations":[{"start":{"line":21,"column":105},"end":{"line":21,"column":120}},{"start":{"line":21,"column":121},"end":{"line":21,"column":125}}],"line":21},"2":{"loc":{"start":{"line":21,"column":130},"end":{"line":21,"column":142}},"type":"binary-expr","locations":[{"start":{"line":21,"column":130},"end":{"line":21,"column":139}},{"start":{"line":21,"column":141},"end":{"line":21,"column":142}}],"line":21},"3":{"loc":{"start":{"line":52,"column":12},"end":{"line":52,"column":34}},"type":"if","locations":[{"start":{"line":52,"column":12},"end":{"line":52,"column":34}},{"start":{},"end":{}}],"line":52}},"s":{"0":1,"1":1,"2":1,"3":0,"4":0,"5":0,"6":0,"7":0,"8":0,"9":0,"10":0,"11":0,"12":0,"13":0,"14":0,"15":0,"16":0,"17":0,"18":0,"19":0,"20":0,"21":0,"22":0,"23":0,"24":0,"25":0,"26":0,"27":0,"28":0,"29":0,"30":0},"f":{"0":0,"1":0,"2":0,"3":0,"4":0,"5":0},"b":{"0":[0,0],"1":[0,0],"2":[0,0],"3":[0,0]},"_coverageSchema":"1a1c01bbd47fc00a2c39e90264f33305004495a9","hash":"0a0a2a1a6e68e53624f728ce58b3aafc2304c748"}
,"D:\\express\\animals\\models\\role.js": {"path":"D:\\express\\animals\\models\\role.js","statementMap":{"0":{"start":{"line":11,"column":9},"end":{"line":11,"column":35}},"1":{"start":{"line":12,"column":10},"end":{"line":12,"column":44}},"2":{"start":{"line":14,"column":0},"end":{"line":80,"column":1}},"3":{"start":{"line":16,"column":21},"end":{"line":16,"column":32}},"4":{"start":{"line":17,"column":8},"end":{"line":28,"column":9}},"5":{"start":{"line":18,"column":25},"end":{"line":20,"column":13}},"6":{"start":{"line":21,"column":12},"end":{"line":21,"column":34}},"7":{"start":{"line":22,"column":12},"end":{"line":22,"column":26}},"8":{"start":{"line":24,"column":12},"end":{"line":24,"column":36}},"9":{"start":{"line":25,"column":12},"end":{"line":25,"column":20}},"10":{"start":{"line":27,"column":12},"end":{"line":27,"column":32}},"11":{"start":{"line":32,"column":21},"end":{"line":34,"column":9}},"12":{"start":{"line":35,"column":8},"end":{"line":35,"column":22}},"13":{"start":{"line":38,"column":22},"end":{"line":38,"column":49}},"14":{"start":{"line":39,"column":23},"end":{"line":39,"column":52}},"15":{"start":{"line":40,"column":19},"end":{"line":40,"column":41}},"16":{"start":{"line":41,"column":20},"end":{"line":41,"column":40}},"17":{"start":{"line":42,"column":16},"end":{"line":42,"column":64}},"18":{"start":{"line":43,"column":8},"end":{"line":45,"column":9}},"19":{"start":{"line":44,"column":12},"end":{"line":44,"column":48}},"20":{"start":{"line":46,"column":8},"end":{"line":46,"column":43}},"21":{"start":{"line":47,"column":21},"end":{"line":47,"column":45}},"22":{"start":{"line":48,"column":8},"end":{"line":48,"column":22}},"23":{"start":{"line":51,"column":16},"end":{"line":51,"column":51}},"24":{"start":{"line":52,"column":21},"end":{"line":52,"column":45}},"25":{"start":{"line":53,"column":8},"end":{"line":53,"column":22}},"26":{"start":{"line":56,"column":19},"end":{"line":56,"column":41}},"27":{"start":{"line":57,"column":16},"end":{"line":57,"column":80}},"28":{"start":{"line":58,"column":8},"end":{"line":60,"column":9}},"29":{"start":{"line":59,"column":12},"end":{"line":59,"column":48}},"30":{"start":{"line":61,"column":21},"end":{"line":61,"column":45}},"31":{"start":{"line":62,"column":8},"end":{"line":62,"column":31}},"32":{"start":{"line":65,"column":16},"end":{"line":65,"column":34}},"33":{"start":{"line":66,"column":8},"end":{"line":69,"column":9}},"34":{"start":{"line":67,"column":12},"end":{"line":67,"column":34}},"35":{"start":{"line":67,"column":25},"end":{"line":67,"column":34}},"36":{"start":{"line":68,"column":12},"end":{"line":68,"column":37}},"37":{"start":{"line":70,"column":8},"end":{"line":70,"column":39}},"38":{"start":{"line":71,"column":8},"end":{"line":71,"column":36}},"39":{"start":{"line":72,"column":21},"end":{"line":72,"column":45}},"40":{"start":{"line":73,"column":8},"end":{"line":73,"column":22}},"41":{"start":{"line":76,"column":16},"end":{"line":76,"column":51}},"42":{"start":{"line":77,"column":21},"end":{"line":77,"column":45}},"43":{"start":{"line":78,"column":8},"end":{"line":78,"column":22}}},"fnMap":{"0":{"name":"(anonymous_0)","decl":{"start":{"line":15,"column":11},"end":{"line":15,"column":12}},"loc":{"start":{"line":15,"column":39},"end":{"line":29,"column":5}},"line":15},"1":{"name":"(anonymous_1)","decl":{"start":{"line":30,"column":11},"end":{"line":30,"column":12}},"loc":{"start":{"line":30,"column":46},"end":{"line":36,"column":5}},"line":30},"2":{"name":"(anonymous_2)","decl":{"start":{"line":37,"column":12},"end":{"line":37,"column":13}},"loc":{"start":{"line":37,"column":37},"end":{"line":49,"column":5}},"line":37},"3":{"name":"(anonymous_3)","decl":{"start":{"line":50,"column":15},"end":{"line":50,"column":16}},"loc":{"start":{"line":50,"column":40},"end":{"line":54,"column":5}},"line":50},"4":{"name":"(anonymous_4)","decl":{"start":{"line":55,"column":10},"end":{"line":55,"column":11}},"loc":{"start":{"line":55,"column":35},"end":{"line":63,"column":5}},"line":55},"5":{"name":"(anonymous_5)","decl":{"start":{"line":64,"column":11},"end":{"line":64,"column":12}},"loc":{"start":{"line":64,"column":36},"end":{"line":74,"column":5}},"line":64},"6":{"name":"(anonymous_6)","decl":{"start":{"line":75,"column":11},"end":{"line":75,"column":12}},"loc":{"start":{"line":75,"column":36},"end":{"line":79,"column":5}},"line":75}},"branchMap":{"0":{"loc":{"start":{"line":38,"column":22},"end":{"line":38,"column":49}},"type":"cond-expr","locations":[{"start":{"line":38,"column":35},"end":{"line":38,"column":47}},{"start":{"line":38,"column":48},"end":{"line":38,"column":49}}],"line":38},"1":{"loc":{"start":{"line":39,"column":23},"end":{"line":39,"column":52}},"type":"cond-expr","locations":[{"start":{"line":39,"column":37},"end":{"line":39,"column":50}},{"start":{"line":39,"column":51},"end":{"line":39,"column":52}}],"line":39},"2":{"loc":{"start":{"line":40,"column":19},"end":{"line":40,"column":41}},"type":"cond-expr","locations":[{"start":{"line":40,"column":29},"end":{"line":40,"column":38}},{"start":{"line":40,"column":39},"end":{"line":40,"column":41}}],"line":40},"3":{"loc":{"start":{"line":43,"column":8},"end":{"line":45,"column":9}},"type":"if","locations":[{"start":{"line":43,"column":8},"end":{"line":45,"column":9}},{"start":{},"end":{}}],"line":43},"4":{"loc":{"start":{"line":43,"column":11},"end":{"line":43,"column":39}},"type":"binary-expr","locations":[{"start":{"line":43,"column":11},"end":{"line":43,"column":22}},{"start":{"line":43,"column":24},"end":{"line":43,"column":39}}],"line":43},"5":{"loc":{"start":{"line":56,"column":19},"end":{"line":56,"column":41}},"type":"cond-expr","locations":[{"start":{"line":56,"column":29},"end":{"line":56,"column":38}},{"start":{"line":56,"column":39},"end":{"line":56,"column":41}}],"line":56},"6":{"loc":{"start":{"line":58,"column":8},"end":{"line":60,"column":9}},"type":"if","locations":[{"start":{"line":58,"column":8},"end":{"line":60,"column":9}},{"start":{},"end":{}}],"line":58},"7":{"loc":{"start":{"line":58,"column":11},"end":{"line":58,"column":39}},"type":"binary-expr","locations":[{"start":{"line":58,"column":11},"end":{"line":58,"column":22}},{"start":{"line":58,"column":24},"end":{"line":58,"column":39}}],"line":58},"8":{"loc":{"start":{"line":67,"column":12},"end":{"line":67,"column":34}},"type":"if","locations":[{"start":{"line":67,"column":12},"end":{"line":67,"column":34}},{"start":{},"end":{}}],"line":67}},"s":{"0":1,"1":1,"2":1,"3":0,"4":0,"5":0,"6":0,"7":0,"8":0,"9":0,"10":0,"11":0,"12":0,"13":0,"14":0,"15":0,"16":0,"17":0,"18":0,"19":0,"20":0,"21":0,"22":0,"23":1,"24":1,"25":1,"26":0,"27":0,"28":0,"29":0,"30":0,"31":0,"32":0,"33":0,"34":0,"35":0,"36":0,"37":0,"38":0,"39":0,"40":0,"41":0,"42":0,"43":0},"f":{"0":0,"1":0,"2":0,"3":1,"4":0,"5":0,"6":0},"b":{"0":[0,0],"1":[0,0],"2":[0,0],"3":[0,0],"4":[0,0],"5":[0,0],"6":[0,0],"7":[0,0],"8":[0,0]},"_coverageSchema":"1a1c01bbd47fc00a2c39e90264f33305004495a9","hash":"f656e4d09fab0b38d3a466a7bd5d16b6485499f7"}
,"D:\\express\\animals\\models\\user.js": {"path":"D:\\express\\animals\\models\\user.js","statementMap":{"0":{"start":{"line":14,"column":9},"end":{"line":14,"column":35}},"1":{"start":{"line":15,"column":10},"end":{"line":15,"column":44}},"2":{"start":{"line":17,"column":0},"end":{"line":84,"column":1}},"3":{"start":{"line":19,"column":21},"end":{"line":19,"column":32}},"4":{"start":{"line":20,"column":8},"end":{"line":33,"column":9}},"5":{"start":{"line":21,"column":25},"end":{"line":23,"column":13}},"6":{"start":{"line":24,"column":12},"end":{"line":24,"column":34}},"7":{"start":{"line":25,"column":12},"end":{"line":25,"column":26}},"8":{"start":{"line":27,"column":12},"end":{"line":27,"column":36}},"9":{"start":{"line":30,"column":12},"end":{"line":30,"column":20}},"10":{"start":{"line":32,"column":12},"end":{"line":32,"column":32}},"11":{"start":{"line":37,"column":21},"end":{"line":39,"column":9}},"12":{"start":{"line":40,"column":8},"end":{"line":40,"column":22}},"13":{"start":{"line":43,"column":22},"end":{"line":43,"column":49}},"14":{"start":{"line":44,"column":23},"end":{"line":44,"column":52}},"15":{"start":{"line":45,"column":23},"end":{"line":45,"column":53}},"16":{"start":{"line":46,"column":19},"end":{"line":46,"column":41}},"17":{"start":{"line":47,"column":20},"end":{"line":47,"column":44}},"18":{"start":{"line":48,"column":20},"end":{"line":48,"column":40}},"19":{"start":{"line":49,"column":16},"end":{"line":49,"column":126}},"20":{"start":{"line":50,"column":8},"end":{"line":52,"column":9}},"21":{"start":{"line":51,"column":12},"end":{"line":51,"column":48}},"22":{"start":{"line":53,"column":8},"end":{"line":53,"column":43}},"23":{"start":{"line":54,"column":21},"end":{"line":54,"column":45}},"24":{"start":{"line":55,"column":8},"end":{"line":55,"column":22}},"25":{"start":{"line":58,"column":23},"end":{"line":58,"column":53}},"26":{"start":{"line":59,"column":19},"end":{"line":59,"column":41}},"27":{"start":{"line":60,"column":20},"end":{"line":60,"column":44}},"28":{"start":{"line":61,"column":16},"end":{"line":61,"column":142}},"29":{"start":{"line":62,"column":8},"end":{"line":64,"column":9}},"30":{"start":{"line":63,"column":12},"end":{"line":63,"column":48}},"31":{"start":{"line":65,"column":21},"end":{"line":65,"column":45}},"32":{"start":{"line":66,"column":8},"end":{"line":66,"column":31}},"33":{"start":{"line":69,"column":16},"end":{"line":69,"column":34}},"34":{"start":{"line":70,"column":8},"end":{"line":73,"column":9}},"35":{"start":{"line":71,"column":12},"end":{"line":71,"column":34}},"36":{"start":{"line":71,"column":25},"end":{"line":71,"column":34}},"37":{"start":{"line":72,"column":12},"end":{"line":72,"column":37}},"38":{"start":{"line":74,"column":8},"end":{"line":74,"column":39}},"39":{"start":{"line":75,"column":8},"end":{"line":75,"column":36}},"40":{"start":{"line":76,"column":21},"end":{"line":76,"column":45}},"41":{"start":{"line":77,"column":8},"end":{"line":77,"column":22}},"42":{"start":{"line":80,"column":16},"end":{"line":80,"column":51}},"43":{"start":{"line":81,"column":21},"end":{"line":81,"column":45}},"44":{"start":{"line":82,"column":8},"end":{"line":82,"column":22}}},"fnMap":{"0":{"name":"(anonymous_0)","decl":{"start":{"line":18,"column":11},"end":{"line":18,"column":12}},"loc":{"start":{"line":18,"column":39},"end":{"line":34,"column":5}},"line":18},"1":{"name":"(anonymous_1)","decl":{"start":{"line":35,"column":11},"end":{"line":35,"column":12}},"loc":{"start":{"line":35,"column":46},"end":{"line":41,"column":5}},"line":35},"2":{"name":"(anonymous_2)","decl":{"start":{"line":42,"column":12},"end":{"line":42,"column":13}},"loc":{"start":{"line":42,"column":37},"end":{"line":56,"column":5}},"line":42},"3":{"name":"(anonymous_3)","decl":{"start":{"line":57,"column":14},"end":{"line":57,"column":15}},"loc":{"start":{"line":57,"column":39},"end":{"line":67,"column":5}},"line":57},"4":{"name":"(anonymous_4)","decl":{"start":{"line":68,"column":11},"end":{"line":68,"column":12}},"loc":{"start":{"line":68,"column":36},"end":{"line":78,"column":5}},"line":68},"5":{"name":"(anonymous_5)","decl":{"start":{"line":79,"column":11},"end":{"line":79,"column":12}},"loc":{"start":{"line":79,"column":36},"end":{"line":83,"column":5}},"line":79}},"branchMap":{"0":{"loc":{"start":{"line":43,"column":22},"end":{"line":43,"column":49}},"type":"cond-expr","locations":[{"start":{"line":43,"column":35},"end":{"line":43,"column":47}},{"start":{"line":43,"column":48},"end":{"line":43,"column":49}}],"line":43},"1":{"loc":{"start":{"line":44,"column":23},"end":{"line":44,"column":52}},"type":"cond-expr","locations":[{"start":{"line":44,"column":37},"end":{"line":44,"column":50}},{"start":{"line":44,"column":51},"end":{"line":44,"column":52}}],"line":44},"2":{"loc":{"start":{"line":45,"column":23},"end":{"line":45,"column":53}},"type":"cond-expr","locations":[{"start":{"line":45,"column":37},"end":{"line":45,"column":50}},{"start":{"line":45,"column":51},"end":{"line":45,"column":53}}],"line":45},"3":{"loc":{"start":{"line":46,"column":19},"end":{"line":46,"column":41}},"type":"cond-expr","locations":[{"start":{"line":46,"column":29},"end":{"line":46,"column":38}},{"start":{"line":46,"column":39},"end":{"line":46,"column":41}}],"line":46},"4":{"loc":{"start":{"line":47,"column":20},"end":{"line":47,"column":44}},"type":"cond-expr","locations":[{"start":{"line":47,"column":31},"end":{"line":47,"column":41}},{"start":{"line":47,"column":42},"end":{"line":47,"column":44}}],"line":47},"5":{"loc":{"start":{"line":50,"column":8},"end":{"line":52,"column":9}},"type":"if","locations":[{"start":{"line":50,"column":8},"end":{"line":52,"column":9}},{"start":{},"end":{}}],"line":50},"6":{"loc":{"start":{"line":50,"column":11},"end":{"line":50,"column":39}},"type":"binary-expr","locations":[{"start":{"line":50,"column":11},"end":{"line":50,"column":22}},{"start":{"line":50,"column":24},"end":{"line":50,"column":39}}],"line":50},"7":{"loc":{"start":{"line":58,"column":23},"end":{"line":58,"column":53}},"type":"cond-expr","locations":[{"start":{"line":58,"column":37},"end":{"line":58,"column":50}},{"start":{"line":58,"column":51},"end":{"line":58,"column":53}}],"line":58},"8":{"loc":{"start":{"line":59,"column":19},"end":{"line":59,"column":41}},"type":"cond-expr","locations":[{"start":{"line":59,"column":29},"end":{"line":59,"column":38}},{"start":{"line":59,"column":39},"end":{"line":59,"column":41}}],"line":59},"9":{"loc":{"start":{"line":60,"column":20},"end":{"line":60,"column":44}},"type":"cond-expr","locations":[{"start":{"line":60,"column":31},"end":{"line":60,"column":41}},{"start":{"line":60,"column":42},"end":{"line":60,"column":44}}],"line":60},"10":{"loc":{"start":{"line":62,"column":8},"end":{"line":64,"column":9}},"type":"if","locations":[{"start":{"line":62,"column":8},"end":{"line":64,"column":9}},{"start":{},"end":{}}],"line":62},"11":{"loc":{"start":{"line":62,"column":11},"end":{"line":62,"column":39}},"type":"binary-expr","locations":[{"start":{"line":62,"column":11},"end":{"line":62,"column":22}},{"start":{"line":62,"column":24},"end":{"line":62,"column":39}}],"line":62},"12":{"loc":{"start":{"line":71,"column":12},"end":{"line":71,"column":34}},"type":"if","locations":[{"start":{"line":71,"column":12},"end":{"line":71,"column":34}},{"start":{},"end":{}}],"line":71}},"s":{"0":1,"1":1,"2":1,"3":0,"4":0,"5":0,"6":0,"7":0,"8":0,"9":0,"10":0,"11":1,"12":1,"13":0,"14":0,"15":0,"16":0,"17":0,"18":0,"19":0,"20":0,"21":0,"22":0,"23":0,"24":0,"25":0,"26":0,"27":0,"28":0,"29":0,"30":0,"31":0,"32":0,"33":0,"34":0,"35":0,"36":0,"37":0,"38":0,"39":0,"40":0,"41":0,"42":0,"43":0,"44":0},"f":{"0":0,"1":1,"2":0,"3":0,"4":0,"5":0},"b":{"0":[0,0],"1":[0,0],"2":[0,0],"3":[0,0],"4":[0,0],"5":[0,0],"6":[0,0],"7":[0,0],"8":[0,0],"9":[0,0],"10":[0,0],"11":[0,0],"12":[0,0]},"_coverageSchema":"1a1c01bbd47fc00a2c39e90264f33305004495a9","hash":"4f20d1c310afa8e160691e70214f463c1bded40a"}
,"D:\\express\\animals\\services\\menu.js": {"path":"D:\\express\\animals\\services\\menu.js","statementMap":{"0":{"start":{"line":1,"column":12},"end":{"line":1,"column":37}},"1":{"start":{"line":2,"column":17},"end":{"line":2,"column":36}},"2":{"start":{"line":4,"column":23},"end":{"line":17,"column":1}},"3":{"start":{"line":5,"column":18},"end":{"line":5,"column":20}},"4":{"start":{"line":5,"column":28},"end":{"line":5,"column":30}},"5":{"start":{"line":6,"column":4},"end":{"line":15,"column":7}},"6":{"start":{"line":7,"column":8},"end":{"line":14,"column":9}},"7":{"start":{"line":8,"column":29},"end":{"line":8,"column":58}},"8":{"start":{"line":9,"column":12},"end":{"line":11,"column":13}},"9":{"start":{"line":10,"column":16},"end":{"line":10,"column":67}},"10":{"start":{"line":10,"column":52},"end":{"line":10,"column":65}},"11":{"start":{"line":12,"column":12},"end":{"line":12,"column":58}},"12":{"start":{"line":13,"column":12},"end":{"line":13,"column":31}},"13":{"start":{"line":16,"column":4},"end":{"line":16,"column":56}},"14":{"start":{"line":19,"column":18},"end":{"line":79,"column":1}},"15":{"start":{"line":21,"column":21},"end":{"line":21,"column":54}},"16":{"start":{"line":22,"column":8},"end":{"line":22,"column":22}},"17":{"start":{"line":25,"column":19},"end":{"line":25,"column":53}},"18":{"start":{"line":26,"column":19},"end":{"line":34,"column":10}},"19":{"start":{"line":27,"column":12},"end":{"line":32,"column":13}},"20":{"start":{"line":28,"column":31},"end":{"line":28,"column":65}},"21":{"start":{"line":29,"column":16},"end":{"line":31,"column":17}},"22":{"start":{"line":30,"column":20},"end":{"line":30,"column":75}},"23":{"start":{"line":30,"column":60},"end":{"line":30,"column":73}},"24":{"start":{"line":33,"column":12},"end":{"line":33,"column":24}},"25":{"start":{"line":35,"column":8},"end":{"line":35,"column":74}},"26":{"start":{"line":35,"column":31},"end":{"line":35,"column":45}},"27":{"start":{"line":35,"column":59},"end":{"line":35,"column":72}},"28":{"start":{"line":38,"column":21},"end":{"line":38,"column":54}},"29":{"start":{"line":39,"column":8},"end":{"line":39,"column":22}},"30":{"start":{"line":42,"column":21},"end":{"line":42,"column":64}},"31":{"start":{"line":43,"column":19},"end":{"line":43,"column":53}},"32":{"start":{"line":44,"column":18},"end":{"line":44,"column":54}},"33":{"start":{"line":45,"column":8},"end":{"line":47,"column":10}},"34":{"start":{"line":46,"column":12},"end":{"line":46,"column":40}},"35":{"start":{"line":48,"column":8},"end":{"line":48,"column":20}},"36":{"start":{"line":51,"column":19},"end":{"line":51,"column":53}},"37":{"start":{"line":52,"column":8},"end":{"line":52,"column":20}},"38":{"start":{"line":55,"column":20},"end":{"line":55,"column":80}},"39":{"start":{"line":56,"column":22},"end":{"line":56,"column":66}},"40":{"start":{"line":57,"column":8},"end":{"line":59,"column":11}},"41":{"start":{"line":58,"column":12},"end":{"line":58,"column":40}},"42":{"start":{"line":60,"column":8},"end":{"line":60,"column":23}},"43":{"start":{"line":63,"column":8},"end":{"line":69,"column":10}},"44":{"start":{"line":70,"column":21},"end":{"line":70,"column":61}},"45":{"start":{"line":71,"column":8},"end":{"line":71,"column":37}},"46":{"start":{"line":72,"column":8},"end":{"line":74,"column":19}},"47":{"start":{"line":73,"column":12},"end":{"line":73,"column":83}},"48":{"start":{"line":76,"column":21},"end":{"line":76,"column":47}},"49":{"start":{"line":77,"column":8},"end":{"line":77,"column":22}},"50":{"start":{"line":81,"column":0},"end":{"line":81,"column":26}}},"fnMap":{"0":{"name":"(anonymous_0)","decl":{"start":{"line":4,"column":23},"end":{"line":4,"column":24}},"loc":{"start":{"line":4,"column":42},"end":{"line":17,"column":1}},"line":4},"1":{"name":"(anonymous_1)","decl":{"start":{"line":6,"column":21},"end":{"line":6,"column":22}},"loc":{"start":{"line":6,"column":25},"end":{"line":15,"column":5}},"line":6},"2":{"name":"(anonymous_2)","decl":{"start":{"line":10,"column":45},"end":{"line":10,"column":46}},"loc":{"start":{"line":10,"column":52},"end":{"line":10,"column":65}},"line":10},"3":{"name":"(anonymous_3)","decl":{"start":{"line":20,"column":11},"end":{"line":20,"column":12}},"loc":{"start":{"line":20,"column":29},"end":{"line":23,"column":5}},"line":20},"4":{"name":"(anonymous_4)","decl":{"start":{"line":24,"column":13},"end":{"line":24,"column":14}},"loc":{"start":{"line":24,"column":31},"end":{"line":36,"column":5}},"line":24},"5":{"name":"(anonymous_5)","decl":{"start":{"line":26,"column":28},"end":{"line":26,"column":29}},"loc":{"start":{"line":26,"column":34},"end":{"line":34,"column":9}},"line":26},"6":{"name":"(anonymous_6)","decl":{"start":{"line":30,"column":53},"end":{"line":30,"column":54}},"loc":{"start":{"line":30,"column":60},"end":{"line":30,"column":73}},"line":30},"7":{"name":"(anonymous_7)","decl":{"start":{"line":35,"column":27},"end":{"line":35,"column":28}},"loc":{"start":{"line":35,"column":31},"end":{"line":35,"column":45}},"line":35},"8":{"name":"(anonymous_8)","decl":{"start":{"line":35,"column":52},"end":{"line":35,"column":53}},"loc":{"start":{"line":35,"column":59},"end":{"line":35,"column":72}},"line":35},"9":{"name":"(anonymous_9)","decl":{"start":{"line":37,"column":11},"end":{"line":37,"column":12}},"loc":{"start":{"line":37,"column":29},"end":{"line":40,"column":5}},"line":37},"10":{"name":"(anonymous_10)","decl":{"start":{"line":41,"column":11},"end":{"line":41,"column
[...]
ne":101,"column":10},"end":{"line":103,"column":13}},"61":{"start":{"line":102,"column":12},"end":{"line":102,"column":22}},"62":{"start":{"line":104,"column":10},"end":{"line":106,"column":13}},"63":{"start":{"line":105,"column":12},"end":{"line":105,"column":28}},"64":{"start":{"line":108,"column":10},"end":{"line":126,"column":13}},"65":{"start":{"line":109,"column":14},"end":{"line":125,"column":15}},"66":{"start":{"line":110,"column":16},"end":{"line":121,"column":17}},"67":{"start":{"line":111,"column":32},"end":{"line":111,"column":63}},"68":{"start":{"line":112,"column":28},"end":{"line":112,"column":83}},"69":{"start":{"line":113,"column":38},"end":{"line":113,"column":63}},"70":{"start":{"line":115,"column":18},"end":{"line":115,"column":48}},"71":{"start":{"line":116,"column":18},"end":{"line":116,"column":35}},"72":{"start":{"line":118,"column":18},"end":{"line":118,"column":32}},"73":{"start":{"line":120,"column":18},"end":{"line":120,"column":25}},"74":{"start":{"line":124,"column":16},"end":{"line":124,"column":30}},"75":{"start":{"line":128,"column":10},"end":{"line":128,"column":26}},"76":{"start":{"line":131,"column":8},"end":{"line":131,"column":16}},"77":{"start":{"line":135,"column":6},"end":{"line":135,"column":23}},"78":{"start":{"line":136,"column":6},"end":{"line":155,"column":7}},"79":{"start":{"line":137,"column":19},"end":{"line":137,"column":21}},"80":{"start":{"line":138,"column":8},"end":{"line":152,"column":10}},"81":{"start":{"line":140,"column":23},"end":{"line":149,"column":12}},"82":{"start":{"line":142,"column":12},"end":{"line":142,"column":29}},"83":{"start":{"line":145,"column":12},"end":{"line":145,"column":28}},"84":{"start":{"line":148,"column":12},"end":{"line":148,"column":24}},"85":{"start":{"line":150,"column":10},"end":{"line":150,"column":72}},"86":{"start":{"line":151,"column":10},"end":{"line":151,"column":23}},"87":{"start":{"line":154,"column":8},"end":{"line":154,"column":16}}},"fnMap":{"0":{"name":"createFolder","decl":{"start":{"line":12,"column":15},"end":{"line":12,"column":27}},"loc":{"start":{"line":12,"column":35},"end":{"line":18,"column":1}},"line":12},"1":{"name":"streamToBuffer","decl":{"start":{"line":20,"column":9},"end":{"line":20,"column":23}},"loc":{"start":{"line":20,"column":32},"end":{"line":27,"column":1}},"line":20},"2":{"name":"(anonymous_2)","decl":{"start":{"line":21,"column":21},"end":{"line":21,"column":22}},"loc":{"start":{"line":21,"column":42},"end":{"line":26,"column":3}},"line":21},"3":{"name":"(anonymous_3)","decl":{"start":{"line":24,"column":22},"end":{"line":24,"column":23}},"loc":{"start":{"line":24,"column":32},"end":{"line":24,"column":50}},"line":24},"4":{"name":"(anonymous_4)","decl":{"start":{"line":25,"column":21},"end":{"line":25,"column":22}},"loc":{"start":{"line":25,"column":27},"end":{"line":25,"column":58}},"line":25},"5":{"name":"getIpAddress","decl":{"start":{"line":33,"column":9},"end":{"line":33,"column":21}},"loc":{"start":{"line":33,"column":24},"end":{"line":46,"column":1}},"line":33},"6":{"name":"(anonymous_6)","decl":{"start":{"line":49,"column":19},"end":{"line":49,"column":20}},"loc":{"start":{"line":49,"column":27},"end":{"line":52,"column":1}},"line":49},"7":{"name":"(anonymous_7)","decl":{"start":{"line":56,"column":16},"end":{"line":56,"column":17}},"loc":{"start":{"line":56,"column":39},"end":{"line":94,"column":5}},"line":56},"8":{"name":"(anonymous_8)","decl":{"start":{"line":61,"column":27},"end":{"line":61,"column":28}},"loc":{"start":{"line":61,"column":45},"end":{"line":90,"column":9}},"line":61},"9":{"name":"(anonymous_9)","decl":{"start":{"line":62,"column":27},"end":{"line":62,"column":28}},"loc":{"start":{"line":62,"column":40},"end":{"line":64,"column":11}},"line":62},"10":{"name":"(anonymous_10)","decl":{"start":{"line":65,"column":27},"end":{"line":65,"column":28}},"loc":{"start":{"line":65,"column":37},"end":{"line":67,"column":11}},"line":65},"11":{"name":"(anonymous_11)","decl":{"start":{"line":69,"column":25},"end":{"line":69,"column":26}},"loc":{"start":{"line":69,"column":45},"end":{"line":87,"column":11}},"line":69},"12":{"name":"(anonymous_12)","decl":{"start":{"line":95,"column":22},"end":{"line":95,"column":23}},"loc":{"start":{"line":95,"column":45},"end":{"line":133,"column":5}},"line":95},"13":{"name":"(anonymous_13)","decl":{"start":{"line":100,"column":27},"end":{"line":100,"column":28}},"loc":{"start":{"line":100,"column":45},"end":{"line":129,"column":9}},"line":100},"14":{"name":"(anonymous_14)","decl":{"start":{"line":101,"column":27},"end":{"line":101,"column":28}},"loc":{"start":{"line":101,"column":40},"end":{"line":103,"column":11}},"line":101},"15":{"name":"(anonymous_15)","decl":{"start":{"line":104,"column":27},"end":{"line":104,"column":28}},"loc":{"start":{"line":104,"column":37},"end":{"line":106,"column":11}},"line":104},"16":{"name":"(anonymous_16)","decl":{"start":{"line":108,"column":25},"end":{"line":108,"column":26}},"loc":{"start":{"line":108,"column":45},"end":{"line":126,"column":11}},"line":108},"17":{"name":"(anonymous_17)","decl":{"start":{"line":134,"column":13},"end":{"line":134,"column":14}},"loc":{"start":{"line":134,"column":36},"end":{"line":156,"column":5}},"line":134},"18":{"name":"(anonymous_18)","decl":{"start":{"line":138,"column":27},"end":{"line":138,"column":28}},"loc":{"start":{"line":138,"column":51},"end":{"line":152,"column":9}},"line":138},"19":{"name":"(anonymous_19)","decl":{"start":{"line":141,"column":21},"end":{"line":141,"column":22}},"loc":{"start":{"line":141,"column":40},"end":{"line":143,"column":11}},"line":141},"20":{"name":"(anonymous_20)","decl":{"start":{"line":144,"column":20},"end":{"line":144,"column":21}},"loc":{"start":{"line":144,"column":35},"end":{"line":146,"column":11}},"line":144},"21":{"name":"(anonymous_21)","decl":{"start":{"line":147,"column":22},"end":{"line":147,"column":23}},"loc":{"start":{"line":147,"column":37},"end":{"line":149,"column":11}},"line":147}},"branchMap":{"0":{"loc":{"start":{"line":41,"column":6},"end":{"line":43,"column":7}},"type":"if","locations":[{"start":{"line":41,"column":6},"end":{"line":43,"column":7}},{"start":{},"end":{}}],"line":41},"1":{"loc":{"start":{"line":41,"column":10},"end":{"line":41,"column":67}},"type":"binary-expr","locations":[{"start":{"line":41,"column":10},"end":{"line":41,"column":27}},{"start":{"line":41,"column":31},"end":{"line":41,"column":54}},{"start":{"line":41,"column":58},"end":{"line":41,"column":67}}],"line":41},"2":{"loc":{"start":{"line":70,"column":14},"end":{"line":86,"column":15}},"type":"if","locations":[{"start":{"line":70,"column":14},"end":{"line":86,"column":15}},{"start":{"line":84,"column":18},"end":{"line":86,"column":15}}],"line":70},"3":{"loc":{"start":{"line":109,"column":14},"end":{"line":125,"column":15}},"type":"if","locations":[{"start":{"line":109,"column":14},"end":{"line":125,"column":15}},{"start":{"line":123,"column":18},"end":{"line":125,"column":15}}],"line":109}},"s":{"0":1,"1":1,"2":1,"3":1,"4":1,"5":1,"6":1,"7":1,"8":0,"9":0,"10":0,"11":0,"12":0,"13":0,"14":0,"15":0,"16":0,"17":0,"18":1,"19":1,"20":1,"21":1,"22":1,"23":2,"24":2,"25":1,"26":1,"27":1,"28":0,"29":0,"30":1,"31":0,"32":0,"33":0,"34":0,"35":0,"36":0,"37":0,"38":0,"39":0,"40":0,"41":0,"42":0,"43":0,"44":0,"45":0,"46":0,"47":0,"48":0,"49":0,"50":0,"51":0,"52":0,"53":0,"54":0,"55":0,"56":0,"57":0,"58":0,"59":0,"60":0,"61":0,"62":0,"63":0,"64":0,"65":0,"66":0,"67":0,"68":0,"69":0,"70":0,"71":0,"72":0,"73":0,"74":0,"75":0,"76":0,"77":0,"78":0,"79":0,"80":0,"81":0,"82":0,"83":0,"84":0,"85":0,"86":0,"87":0},"f":{"0":0,"1":0,"2":0,"3":0,"4":0,"5":1,"6":0,"7":0,"8":0,"9":0,"10":0,"11":0,"12":0,"13":0,"14":0,"15":0,"16":0,"17":0,"18":0,"19":0,"20":0,"21":0},"b":{"0":[1,1],"1":[2,1,1],"2":[0,0],"3":[0,0]},"_coverageSchema":"1a1c01bbd47fc00a2c39e90264f33305004495a9","hash":"8ff615826181e3aa1c1d8c3aa7f5478ff64cc35e"}
,"D:\\express\\animals\\services\\user.js": {"path":"D:\\express\\animals\\services\\user.js","statementMap":{"0":{"start":{"line":1,"column":12},"end":{"line":1,"column":37}},"1":{"start":{"line":2,"column":16},"end":{"line":2,"column":41}},"2":{"start":{"line":3,"column":16},"end":{"line":3,"column":41}},"3":{"start":{"line":4,"column":8},"end":{"line":4,"column":27}},"4":{"start":{"line":5,"column":10},"end":{"line":5,"column":33}},"5":{"start":{"line":7,"column":15},"end":{"line":7,"column":44}},"6":{"start":{"line":8,"column":17},"end":{"line":8,"column":36}},"7":{"start":{"line":10,"column":18},"end":{"line":113,"column":1}},"8":{"start":{"line":12,"column":23},"end":{"line":12,"column":76}},"9":{"start":{"line":13,"column":8},"end":{"line":15,"column":9}},"10":{"start":{"line":14,"column":12},"end":{"line":14,"column":23}},"11":{"start":{"line":16,"column":22},"end":{"line":16,"column":67}},"12":{"start":{"line":17,"column":21},"end":{"line":17,"column":57}},"13":{"start":{"line":18,"column":8},"end":{"line":18,"column":22}},"14":{"start":{"line":21,"column":19},"end":{"line":21,"column":72}},"15":{"start":{"line":22,"column":8},"end":{"line":24,"column":9}},"16":{"start":{"line":23,"column":12},"end":{"line":23,"column":23}},"17":{"start":{"line":25,"column":23},"end":{"line":25,"column":45}},"18":{"start":{"line":26,"column":8},"end":{"line":28,"column":9}},"19":{"start":{"line":27,"column":12},"end":{"line":27,"column":23}},"20":{"start":{"line":29,"column":8},"end":{"line":31,"column":9}},"21":{"start":{"line":30,"column":12},"end":{"line":30,"column":23}},"22":{"start":{"line":32,"column":22},"end":{"line":32,"column":142}},"23":{"start":{"line":33,"column":21},"end":{"line":33,"column":39}},"24":{"start":{"line":34,"column":8},"end":{"line":34,"column":30}},"25":{"start":{"line":35,"column":8},"end":{"line":35,"column":22}},"26":{"start":{"line":38,"column":19},"end":{"line":38,"column":53}},"27":{"start":{"line":39,"column":8},"end":{"line":42,"column":11}},"28":{"start":{"line":40,"column":12},"end":{"line":40,"column":33}},"29":{"start":{"line":41,"column":12},"end":{"line":41,"column":24}},"30":{"start":{"line":43,"column":20},"end":{"line":43,"column":56}},"31":{"start":{"line":44,"column":21},"end":{"line":49,"column":9}},"32":{"start":{"line":50,"column":8},"end":{"line":50,"column":22}},"33":{"start":{"line":53,"column":21},"end":{"line":53,"column":54}},"34":{"start":{"line":54,"column":8},"end":{"line":54,"column":22}},"35":{"start":{"line":57,"column":19},"end":{"line":57,"column":60}},"36":{"start":{"line":58,"column":8},"end":{"line":58,"column":28}},"37":{"start":{"line":59,"column":23},"end":{"line":59,"column":48}},"38":{"start":{"line":60,"column":8},"end":{"line":62,"column":9}},"39":{"start":{"line":61,"column":12},"end":{"line":61,"column":23}},"40":{"start":{"line":63,"column":21},"end":{"line":63,"column":97}},"41":{"start":{"line":64,"column":8},"end":{"line":64,"column":22}},"42":{"start":{"line":67,"column":21},"end":{"line":67,"column":59}},"43":{"start":{"line":68,"column":8},"end":{"line":68,"column":22}},"44":{"start":{"line":71,"column":23},"end":{"line":71,"column":61}},"45":{"start":{"line":72,"column":8},"end":{"line":72,"column":66}},"46":{"start":{"line":73,"column":19},"end":{"line":73,"column":60}},"47":{"start":{"line":74,"column":21},"end":{"line":74,"column":28}},"48":{"start":{"line":75,"column":8},"end":{"line":75,"column":31}},"49":{"start":{"line":76,"column":8},"end":{"line":76,"column":22}},"50":{"start":{"line":79,"column":20},"end":{"line":79,"column":86}},"51":{"start":{"line":80,"column":8},"end":{"line":80,"column":66}},"52":{"start":{"line":81,"column":19},"end":{"line":81,"column":60}},"53":{"start":{"line":82,"column":21},"end":{"line":82,"column":28}},"54":{"start":{"line":83,"column":8},"end":{"line":83,"column":31}},"55":{"start":{"line":84,"column":8},"end":{"line":84,"column":22}},"56":{"start":{"line":88,"column":19},"end":{"line":88,"column":72}},"57":{"start":{"line":89,"column":8},"end":{"line":91,"column":9}},"58":{"start":{"line":90,"column":12},"end":{"line":90,"column":22}},"59":{"start":{"line":92,"column":18},"end":{"line":92,"column":72}},"60":{"start":{"line":93,"column":19},"end":{"line":93,"column":21}},"61":{"start":{"line":93,"column":27},"end":{"line":93,"column":29}},"62":{"start":{"line":94,"column":8},"end":{"line":97,"column":11}},"63":{"start":{"line":95,"column":23},"end":{"line":95,"column":62}},"64":{"start":{"line":96,"column":12},"end":{"line":96,"column":71}},"65":{"start":{"line":98,"column":8},"end":{"line":100,"column":10}},"66":{"start":{"line":99,"column":12},"end":{"line":99,"column":51}},"67":{"start":{"line":102,"column":8},"end":{"line":106,"column":11}},"68":{"start":{"line":103,"column":23},"end":{"line":103,"column":62}},"69":{"start":{"line":104,"column":12},"end":{"line":105,"column":38}},"70":{"start":{"line":105,"column":16},"end":{"line":105,"column":38}},"71":{"start":{"line":107,"column":19},"end":{"line":107,"column":52}},"72":{"start":{"line":108,"column":8},"end":{"line":110,"column":10}},"73":{"start":{"line":109,"column":12},"end":{"line":109,"column":29}},"74":{"start":{"line":111,"column":8},"end":{"line":111,"column":22}},"75":{"start":{"line":115,"column":0},"end":{"line":115,"column":26}}},"fnMap":{"0":{"name":"(anonymous_0)","decl":{"start":{"line":11,"column":11},"end":{"line":11,"column":12}},"loc":{"start":{"line":11,"column":33},"end":{"line":19,"column":5}},"line":11},"1":{"name":"(anonymous_1)","decl":{"start":{"line":20,"column":10},"end":{"line":20,"column":11}},"loc":{"start":{"line":20,"column":28},"end":{"line":36,"column":5}},"line":20},"2":{"name":"(anonymous_2)","decl":{"start":{"line":37,"column":9},"end":{"line":37,"column":10}},"loc":{"start":{"line":37,"column":27},"end":{"line":51,"column":5}},"line":37},"3":{"name":"(anonymous_3)","decl":{"start":{"line":39,"column":17},"end":{"line":39,"column":18}},"loc":{"start":{"line":39,"column":23},"end":{"line":42,"column":9}},"line":39},"4":{"name":"(anonymous_4)","decl":{"start":{"line":52,"column":11},"end":{"line":52,"column":12}},"loc":{"start":{"line":52,"column":29},"end":{"line":55,"column":5}},"line":52},"5":{"name":"(anonymous_5)","decl":{"start":{"line":56,"column":14},"end":{"line":56,"column":15}},"loc":{"start":{"line":56,"column":32},"end":{"line":65,"column":5}},"line":56},"6":{"name":"(anonymous_6)","decl":{"start":{"line":66,"column":11},"end":{"line":66,"column":12}},"loc":{"start":{"line":66,"column":29},"end":{"line":69,"column":5}},"line":66},"7":{"name":"(anonymous_7)","decl":{"start":{"line":70,"column":17},"end":{"line":70,"column":18}},"loc":{"start":{"line":70,"column":35},"end":{"line":77,"column":5}},"line":70},"8":{"name":"(anonymous_8)","decl":{"start":{"line":78,"column":16},"end":{"line":78,"column":17}},"loc":{"start":{"line":78,"column":34},"end":{"line":85,"column":5}},"line":78},"9":{"name":"(anonymous_9)","decl":{"start":{"line":87,"column":14},"end":{"line":87,"column":15}},"loc":{"start":{"line":87,"column":32},"end":{"line":112,"column":5}},"line":87},"10":{"name":"(anonymous_10)","decl":{"start":{"line":94,"column":42},"end":{"line":94,"column":43}},"loc":{"start":{"line":94,"column":52},"end":{"line":97,"column":9}},"line":94},"11":{"name":"(anonymous_11)","decl":{"start":{"line":98,"column":22},"end":{"line":98,"column":23}},"loc":{"start":{"line":98,"column":26},"end":{"line":100,"column":9}},"line":98},"12":{"name":"(anonymous_12)","decl":{"start":{"line":102,"column":37},"end":{"line":102,"column":38}},"loc":{"start":{"line":102,"column":47},"end":{"line":106,"column":9}},"line":102},"13":{"name":"(anonymous_13)","decl":{"start":{"line":108,"column":26},"end":{"line":108,"column":27}},"loc":{"start":{"line":108,"column":30},"end":{"line":110,"column":9}},"line":108}},"branchMap":{"0":{"loc":{"start":{"line":13,"column":8},"end":{"line":15,"column":9}},"type":"if","locations":[{"start":{"line":13,"column":8},"end":{"line":15,"column":9}},{"start":{},"end":{}}],"line":13},"1":{"loc":{"start":{"line":13,"column":11},"end":{"line":13,"column":38}},"type":"binary-expr","locations":[{"start":{"line":13,"column":11},"end":{"line":13,"column":19}},{"start":{"line":13,"column":21},"end":{"line":13,"column":38}}],"line":13},"2":{"loc":{"start":{"line":22,"column":8},"end":{"line":24,"column":9}},"type":"if","locations":[{"start":{"line":22,"column":8},"end":{"line":24,"column":9}},{"start":{},"end":{}}],"line":22},"3":{"loc":{"start":{"line":22,"column":11},"end":{"line":22,"column":31}},"type":"binary-expr","locations":[{"start":{"line":22,"column":11},"end":{"line":22,"column":16}},{"start":{"line":22,"column":18},"end":{"line":22,"column":31}}],"line":22},"4":{"loc":{"start":{"line":26,"column":8},"end":{"line":28,"column":9}},"type":"if","locations":[{"start":{"line":26,"column":8},"end":{"line":28,"column":9}},{"start":{},"end":{}}],"line":26},"5":{"loc":{"start":{"line":29,"column":8},"end":{"line":31,"column":9}},"type":"if","locations":[{"start":{"line":29,"column":8},"end":{"line":31,"column":9}},{"start":{},"end":{}}],"line":29},"6":{"loc":{"start":{"line":47,"column":21},"end":{"line":47,"column":41}},"type":"binary-expr","locations":[{"start":{"line":47,"column":21},"end":{"line":47,"column":38}},{"start":{"line":47,"column":40},"end":{"line":47,"column":41}}],"line":47},"7":{"loc":{"start":{"line":48,"column":20},"end":{"line":48,"column":39}},"type":"binary-expr","locations":[{"start":{"line":48,"column":20},"end":{"line":48,"column":36}},{"start":{"line":48,"column":38},"end":{"line":48,"column":39}}],"line":48},"8":{"loc":{"start":{"line":60,"column":8},"end":{"line":62,"column":9}},"type":"if","locations":[{"start":{"line":60,"column":8},"end":{"line":62,"column":9}},{"start":{},"end":{}}],"line":60},"9":{"loc":{"start":{"line":89,"column":8},"end":{"line":91,"column":9}},"type":"if","locations":[{"start":{"line":89,"column":8},"end":{"line":91,"column":9}},{"start":{},"end":{}}],"line":89},"10":{"loc":{"start":{"line":92,"column":18},"end":{"line":92,"column":72}},"type":"cond-expr","locations":[{"start":{"line":92,"column":44},"end":{"line":92,"column":69}},{"start":{"line":92,"column":70},"end":{"line":92,"column":72}}],"line":92},"11":{"loc":{"start":{"line":96,"column":19},"end":{"line":96,"column":70}},"type":"cond-expr","locations":[{"start":{"line":96,"column":38},"end":{"line":96,"column":67}},{"start":{"line":96,"column":68},"end":{"line":96,"column":70}}],"line":96},"12":{"loc":{"start":{"line":104,"column":12},"end":{"line":105,"column":38}},"type":"if","locations":[{"start":{"line":104,"column":12},"end":{"line":105,"column":38}},{"start":{},"end":{}}],"line":104}},"s":{"0":1,"1":1,"2":1,"3":1,"4":1,"5":1,"6":1,"7":1,"8":0,"9":0,"10":0,"11":0,"12":0,"13":0,"14":1,"15":1,"16":0,"17":1,"18":1,"19":0,"20":1,"21":0,"22":1,"23":1,"24":1,"25":1,"26":0,"27":0,"28":0,"29":0,"30":0,"31":0,"32":0,"33":0,"34":0,"35":0,"36":0,"37":0,"38":0,"39":0,"40":0,"41":0,"42":0,"43":0,"44":0,"45":0,"46":0,"47":0,"48":0,"49":0,"50":0,"51":0,"52":0,"53":0,"54":0,"55":0,"56":0,"57":0,"58":0,"59":0,"60":0,"61":0,"62":0,"63":0,"64":0,"65":0,"66":0,"67":0,"68":0,"69":0,"70":0,"71":0,"72":0,"73":0,"74":0,"75":1},"f":{"0":0,"1":1,"2":0,"3":0,"4":0,"5":0,"6":0,"7":0,"8":0,"9":0,"10":0,"11":0,"12":0,"13":0},"b":{"0":[0,0],"1":[0,0],"2":[0,1],"3":[1,1],"4":[0,1],"5":[0,1],"6":[0,0],"7":[0,0],"8":[0,0],"9":[0,0],"10":[0,0],"11":[0,0],"12":[0,0]},"_coverageSchema":"1a1c01bbd47fc00a2c39e90264f33305004495a9","hash":"0dd71c889ce4aac31ff6f495fd6afc1e610d83d8"}
,"D:\\express\\animals\\test\\common.js": {"path":"D:\\express\\animals\\test\\common.js","statementMap":{"0":{"start":{"line":1,"column":14},"end":{"line":1,"column":34}},"1":{"start":{"line":2,"column":10},"end":{"line":2,"column":27}},"2":{"start":{"line":5,"column":0},"end":{"line":8,"column":1}}},"fnMap":{},"branchMap":{},"s":{"0":1,"1":1,"2":1},"f":{},"b":{},"_coverageSchema":"1a1c01bbd47fc00a2c39e90264f33305004495a9","hash":"b855530c2e8e166cf27105e7f4c7cafab6d3b4db"}
}
