TN:
SF:app.js
FN:69,(anonymous_0)
FN:77,(anonymous_1)
FN:113,(anonymous_2)
FNF:3
FNH:1
FNDA:0,(anonymous_0)
FNDA:0,(anonymous_1)
FNDA:1,(anonymous_2)
DA:1,1
DA:2,1
DA:3,1
DA:4,1
DA:5,1
DA:7,1
DA:8,1
DA:10,1
DA:11,1
DA:12,1
DA:13,1
DA:14,1
DA:16,1
DA:19,1
DA:21,1
DA:22,1
DA:25,1
DA:26,1
DA:28,1
DA:30,1
DA:31,1
DA:32,1
DA:35,1
DA:38,1
DA:49,1
DA:50,1
DA:53,1
DA:61,1
DA:64,1
DA:66,1
DA:69,1
DA:70,0
DA:74,0
DA:77,1
DA:78,0
DA:79,0
DA:80,0
DA:81,0
DA:82,0
DA:83,0
DA:84,0
DA:85,0
DA:86,0
DA:88,0
DA:95,0
DA:104,0
DA:113,1
DA:114,1
DA:117,1
LF:49
LH:35
BRDA:28,0,0,1
BRDA:28,0,1,0
BRDA:79,1,0,0
BRDA:79,1,1,0
BRDA:80,2,0,0
BRDA:80,2,1,0
BRDA:81,3,0,0
BRDA:81,3,1,0
BRDA:82,4,0,0
BRDA:82,4,1,0
BRDA:83,5,0,0
BRDA:83,5,1,0
BRDA:84,6,0,0
BRDA:84,6,1,0
BRDA:85,7,0,0
BRDA:85,7,1,0
BRDA:86,8,0,0
BRDA:86,8,1,0
BRDA:98,9,0,0
BRDA:98,9,1,0
BRDA:104,10,0,0
BRDA:104,10,1,0
BRF:22
BRH:1
end_of_record
TN:
SF:nodeSchedule.js
FN:3,scheduleCronstyle
FN:4,(anonymous_1)
FN:6,(anonymous_2)
FN:7,(anonymous_3)
FN:11,(anonymous_4)
FNF:5
FNH:1
FNDA:1,scheduleCronstyle
FNDA:0,(anonymous_1)
FNDA:0,(anonymous_2)
FNDA:0,(anonymous_3)
FNDA:0,(anonymous_4)
DA:1,1
DA:4,1
DA:5,0
DA:6,0
DA:7,0
DA:8,0
DA:10,0
DA:11,0
DA:12,0
DA:13,0
DA:15,0
DA:18,0
DA:25,1
LF:13
LH:3
BRDA:8,0,0,0
BRDA:8,0,1,0
BRDA:12,1,0,0
BRDA:12,1,1,0
BRF:4
BRH:0
end_of_record
TN:
SF:config\constant.js
FNF:0
FNH:0
DA:3,1
LF:1
LH:1
BRDA:9,0,0,0
BRDA:9,0,1,1
BRF:2
BRH:1
end_of_record
TN:
SF:config\db.js
FN:22,(anonymous_0)
FN:23,(anonymous_1)
FN:24,(anonymous_2)
FN:29,(anonymous_3)
FNF:4
FNH:4
FNDA:2,(anonymous_0)
FNDA:2,(anonymous_1)
FNDA:2,(anonymous_2)
FNDA:2,(anonymous_3)
DA:1,1
DA:2,1
DA:4,1
DA:5,1
DA:21,1
DA:23,2
DA:24,2
DA:25,2
DA:26,0
DA:29,2
DA:30,2
DA:31,0
DA:32,0
DA:35,2
DA:38,2
LF:15
LH:12
BRDA:25,0,0,0
BRDA:25,0,1,2
BRDA:30,1,0,0
BRDA:30,1,1,2
BRF:4
BRH:2
end_of_record
TN:
SF:config\dbTransaction.js
FN:17,(anonymous_0)
FN:18,(anonymous_1)
FN:19,(anonymous_2)
FN:35,mysqlDBUtil
FN:42,(anonymous_4)
FN:52,(anonymous_5)
FN:53,(anonymous_6)
FN:55,(anonymous_7)
FN:68,(anonymous_8)
FN:69,(anonymous_9)
FN:70,(anonymous_10)
FN:83,(anonymous_11)
FNF:12
FNH:0
FNDA:0,(anonymous_0)
FNDA:0,(anonymous_1)
FNDA:0,(anonymous_2)
FNDA:0,mysqlDBUtil
FNDA:0,(anonymous_4)
FNDA:0,(anonymous_5)
FNDA:0,(anonymous_6)
FNDA:0,(anonymous_7)
FNDA:0,(anonymous_8)
FNDA:0,(anonymous_9)
FNDA:0,(anonymous_10)
FNDA:0,(anonymous_11)
DA:1,1
DA:2,1
DA:4,1
DA:5,1
DA:18,0
DA:19,0
DA:20,0
DA:21,0
DA:23,0
DA:24,0
DA:36,0
DA:37,0
DA:38,0
DA:42,0
DA:43,0
DA:44,0
DA:52,0
DA:53,0
DA:54,0
DA:55,0
DA:56,0
DA:57,0
DA:59,0
DA:68,0
DA:69,0
DA:70,0
DA:71,0
DA:72,0
DA:74,0
DA:75,0
DA:83,0
DA:84,0
DA:85,0
DA:87,0
DA:94,0
DA:97,1
LF:36
LH:5
BRDA:20,0,0,0
BRDA:20,0,1,0
BRDA:56,1,0,0
BRDA:56,1,1,0
BRDA:71,2,0,0
BRDA:71,2,1,0
BRF:6
BRH:0
end_of_record
TN:
SF:controllers\index.js
FNF:0
FNH:0
DA:1,1
DA:2,1
DA:4,1
DA:5,1
DA:6,1
DA:12,1
LF:6
LH:6
BRF:0
BRH:0
end_of_record
TN:
SF:controllers\menu.js
FN:5,(anonymous_0)
FN:17,(anonymous_1)
FN:27,(anonymous_2)
FN:37,(anonymous_3)
FN:47,(anonymous_4)
FN:57,(anonymous_5)
FN:67,(anonymous_6)
FNF:7
FNH:0
FNDA:0,(anonymous_0)
FNDA:0,(anonymous_1)
FNDA:0,(anonymous_2)
FNDA:0,(anonymous_3)
FNDA:0,(anonymous_4)
FNDA:0,(anonymous_5)
FNDA:0,(anonymous_6)
DA:1,1
DA:2,1
DA:3,1
DA:5,1
DA:6,0
DA:7,0
DA:8,0
DA:9,0
DA:10,0
DA:13,0
DA:17,1
DA:18,0
DA:19,0
DA:20,0
DA:21,0
DA:23,0
DA:27,1
DA:28,0
DA:29,0
DA:30,0
DA:31,0
DA:33,0
DA:37,1
DA:38,0
DA:39,0
DA:40,0
DA:41,0
DA:43,0
DA:47,1
DA:48,0
DA:49,0
DA:50,0
DA:51,0
DA:53,0
DA:57,1
DA:58,0
DA:59,0
DA:60,0
DA:61,0
DA:63,0
DA:67,1
DA:68,0
DA:69,0
DA:70,0
DA:71,0
DA:73,0
DA:78,1
LF:47
LH:11
BRDA:8,0,0,0
BRDA:8,0,1,0
BRF:2
BRH:0
end_of_record
TN:
SF:controllers\role.js
FN:5,(anonymous_0)
FN:21,(anonymous_1)
FN:31,(anonymous_2)
FN:41,(anonymous_3)
FN:51,(anonymous_4)
FNF:5
FNH:1
FNDA:0,(anonymous_0)
FNDA:0,(anonymous_1)
FNDA:0,(anonymous_2)
FNDA:0,(anonymous_3)
FNDA:1,(anonymous_4)
DA:1,1
DA:2,1
DA:3,1
DA:5,1
DA:6,0
DA:7,0
DA:8,0
DA:9,0
DA:10,0
DA:12,0
DA:13,0
DA:14,0
DA:17,0
DA:21,1
DA:22,0
DA:23,0
DA:24,0
DA:25,0
DA:27,0
DA:31,1
DA:32,0
DA:33,0
DA:34,0
DA:35,0
DA:37,0
DA:41,1
DA:42,0
DA:43,0
DA:44,0
DA:45,0
DA:47,0
DA:51,1
DA:52,1
DA:53,1
DA:54,1
DA:55,1
DA:57,0
DA:61,1
LF:38
LH:13
BRDA:8,0,0,0
BRDA:8,0,1,0
BRDA:12,1,0,0
BRDA:12,1,1,0
BRF:4
BRH:0
end_of_record
TN:
SF:controllers\user.js
FN:11,(anonymous_0)
FN:23,(anonymous_1)
FN:26,(anonymous_2)
FN:44,(anonymous_3)
FN:79,(anonymous_4)
FN:103,(anonymous_5)
FN:113,(anonymous_6)
FN:123,(anonymous_7)
FN:133,(anonymous_8)
FN:147,(anonymous_9)
FN:168,(anonymous_10)
FNF:11
FNH:2
FNDA:1,(anonymous_0)
FNDA:0,(anonymous_1)
FNDA:0,(anonymous_2)
FNDA:0,(anonymous_3)
FNDA:1,(anonymous_4)
FNDA:0,(anonymous_5)
FNDA:0,(anonymous_6)
FNDA:0,(anonymous_7)
FNDA:0,(anonymous_8)
FNDA:0,(anonymous_9)
FNDA:0,(anonymous_10)
DA:1,1
DA:2,1
DA:3,1
DA:4,1
DA:5,1
DA:6,1
DA:7,1
DA:8,1
DA:11,1
DA:12,1
DA:13,1
DA:15,0
DA:19,1
DA:20,1
DA:22,1
DA:24,0
DA:27,0
DA:28,0
DA:32,1
DA:44,1
DA:45,0
DA:46,0
DA:47,0
DA:48,0
DA:49,0
DA:51,0
DA:52,0
DA:53,0
DA:56,0
DA:79,1
DA:80,1
DA:81,1
DA:82,1
DA:83,0
DA:84,0
DA:86,1
DA:87,0
DA:88,0
DA:90,1
DA:91,0
DA:92,0
DA:94,1
DA:95,1
DA:96,1
DA:99,0
DA:103,1
DA:104,0
DA:105,0
DA:106,0
DA:107,0
DA:109,0
DA:113,1
DA:114,0
DA:115,0
DA:116,0
DA:117,0
DA:119,0
DA:123,1
DA:124,0
DA:125,0
DA:126,0
DA:127,0
DA:129,0
DA:133,1
DA:134,0
DA:135,0
DA:136,0
DA:137,0
DA:138,0
DA:140,0
DA:141,0
DA:143,0
DA:147,1
DA:148,0
DA:149,0
DA:150,0
DA:151,0
DA:153,0
DA:168,1
DA:169,0
DA:170,0
DA:171,0
DA:173,0
DA:177,1
LF:84
LH:32
BRDA:47,0,0,0
BRDA:47,0,1,0
BRDA:51,1,0,0
BRDA:51,1,1,0
BRDA:82,2,0,0
BRDA:82,2,1,1
BRDA:86,3,0,0
BRDA:86,3,1,1
BRDA:90,4,0,0
BRDA:90,4,1,1
BRDA:94,5,0,1
BRDA:94,5,1,0
BRDA:136,6,0,0
BRDA:136,6,1,0
BRF:14
BRH:4
end_of_record
TN:
SF:error\error.js
FN:4,(anonymous_0)
FN:12,(anonymous_1)
FN:20,(anonymous_2)
FN:28,(anonymous_3)
FNF:4
FNH:0
FNDA:0,(anonymous_0)
FNDA:0,(anonymous_1)
FNDA:0,(anonymous_2)
FNDA:0,(anonymous_3)
DA:5,0
DA:6,0
DA:7,0
DA:13,0
DA:14,0
DA:15,0
DA:21,0
DA:22,0
DA:23,0
DA:29,0
DA:30,0
DA:31,0
DA:36,1
LF:13
LH:1
BRF:0
BRH:0
end_of_record
TN:
SF:error\error_code.js
FNF:0
FNH:0
DA:3,1
DA:8,1
DA:23,1
DA:116,1
LF:4
LH:4
BRF:0
BRH:0
end_of_record
TN:
SF:middilewares\authentication.js
FN:5,(anonymous_0)
FN:12,(anonymous_1)
FN:19,(anonymous_2)
FN:26,(anonymous_3)
FN:33,(anonymous_4)
FN:42,(anonymous_5)
FN:43,(anonymous_6)
FN:44,(anonymous_7)
FNF:8
FNH:0
FNDA:0,(anonymous_0)
FNDA:0,(anonymous_1)
FNDA:0,(anonymous_2)
FNDA:0,(anonymous_3)
FNDA:0,(anonymous_4)
FNDA:0,(anonymous_5)
FNDA:0,(anonymous_6)
FNDA:0,(anonymous_7)
DA:1,1
DA:2,1
DA:4,1
DA:6,0
DA:7,0
DA:8,0
DA:10,0
DA:13,0
DA:14,0
DA:15,0
DA:17,0
DA:20,0
DA:21,0
DA:22,0
DA:24,0
DA:27,0
DA:28,0
DA:29,0
DA:31,0
DA:34,0
DA:35,0
DA:36,0
DA:38,0
DA:42,1
DA:43,0
DA:44,0
DA:45,0
DA:46,0
DA:49,0
DA:50,0
DA:52,0
DA:55,1
LF:32
LH:5
BRDA:7,0,0,0
BRDA:7,0,1,0
BRDA:14,1,0,0
BRDA:14,1,1,0
BRDA:21,2,0,0
BRDA:21,2,1,0
BRDA:28,3,0,0
BRDA:28,3,1,0
BRDA:35,4,0,0
BRDA:35,4,1,0
BRDA:45,5,0,0
BRDA:45,5,1,0
BRDA:49,6,0,0
BRDA:49,6,1,0
BRF:14
BRH:0
end_of_record
TN:
SF:middilewares\loggerMiddleWare.js
FN:14,(anonymous_0)
FN:43,(anonymous_1)
FN:64,(anonymous_2)
FNF:3
FNH:2
FNDA:1,(anonymous_0)
FNDA:0,(anonymous_1)
FNDA:2,(anonymous_2)
DA:3,1
DA:4,1
DA:5,1
DA:6,1
DA:7,1
DA:8,1
DA:9,1
DA:11,1
DA:14,1
DA:15,1
DA:19,1
DA:20,1
DA:21,1
DA:24,1
DA:33,1
DA:43,1
DA:45,0
DA:48,1
DA:54,1
DA:65,2
DA:68,2
DA:72,1
LF:22
LH:21
BRF:0
BRH:0
end_of_record
TN:
SF:middilewares\redisToken.js
FN:5,(anonymous_0)
FN:10,(anonymous_1)
FN:14,(anonymous_2)
FN:18,(anonymous_3)
FNF:4
FNH:4
FNDA:2,(anonymous_0)
FNDA:1,(anonymous_1)
FNDA:1,(anonymous_2)
FNDA:1,(anonymous_3)
DA:1,1
DA:2,1
DA:3,1
DA:5,1
DA:6,2
DA:7,2
DA:8,2
DA:9,2
DA:10,1
DA:11,1
DA:13,1
DA:14,1
DA:15,1
DA:16,0
DA:18,1
DA:19,1
DA:24,0
LF:17
LH:15
BRDA:9,0,0,1
BRDA:9,0,1,1
BRDA:13,1,0,1
BRDA:13,1,1,0
BRDA:15,2,0,0
BRDA:15,2,1,1
BRDA:15,3,0,1
BRDA:15,3,1,1
BRF:8
BRH:6
end_of_record
TN:
SF:middilewares\unifyResFormat.js
FN:1,(anonymous_0)
FN:2,(anonymous_1)
FNF:2
FNH:2
FNDA:2,(anonymous_0)
FNDA:2,(anonymous_1)
DA:1,1
DA:2,2
DA:3,2
DA:4,2
DA:5,2
DA:11,0
DA:16,2
DA:18,2
LF:8
LH:7
BRDA:4,0,0,2
BRDA:4,0,1,0
BRF:2
BRH:1
end_of_record
TN:
SF:models\menu.js
FN:17,(anonymous_0)
FN:32,(anonymous_1)
FN:39,(anonymous_2)
FN:44,(anonymous_3)
FN:49,(anonymous_4)
FN:60,(anonymous_5)
FNF:6
FNH:0
FNDA:0,(anonymous_0)
FNDA:0,(anonymous_1)
FNDA:0,(anonymous_2)
FNDA:0,(anonymous_3)
FNDA:0,(anonymous_4)
FNDA:0,(anonymous_5)
DA:13,1
DA:14,1
DA:16,1
DA:18,0
DA:19,0
DA:20,0
DA:23,0
DA:24,0
DA:26,0
DA:27,0
DA:29,0
DA:34,0
DA:37,0
DA:40,0
DA:41,0
DA:42,0
DA:45,0
DA:46,0
DA:47,0
DA:50,0
DA:51,0
DA:52,0
DA:53,0
DA:55,0
DA:56,0
DA:57,0
DA:58,0
DA:61,0
DA:62,0
DA:63,0
LF:30
LH:3
BRDA:21,0,0,0
BRDA:21,0,1,0
BRDA:21,1,0,0
BRDA:21,1,1,0
BRDA:21,2,0,0
BRDA:21,2,1,0
BRDA:52,3,0,0
BRDA:52,3,1,0
BRF:8
BRH:0
end_of_record
TN:
SF:models\role.js
FN:15,(anonymous_0)
FN:30,(anonymous_1)
FN:37,(anonymous_2)
FN:50,(anonymous_3)
FN:55,(anonymous_4)
FN:64,(anonymous_5)
FN:75,(anonymous_6)
FNF:7
FNH:1
FNDA:0,(anonymous_0)
FNDA:0,(anonymous_1)
FNDA:0,(anonymous_2)
FNDA:1,(anonymous_3)
FNDA:0,(anonymous_4)
FNDA:0,(anonymous_5)
FNDA:0,(anonymous_6)
DA:11,1
DA:12,1
DA:14,1
DA:16,0
DA:17,0
DA:18,0
DA:21,0
DA:22,0
DA:24,0
DA:25,0
DA:27,0
DA:32,0
DA:35,0
DA:38,0
DA:39,0
DA:40,0
DA:41,0
DA:42,0
DA:43,0
DA:44,0
DA:46,0
DA:47,0
DA:48,0
DA:51,1
DA:52,1
DA:53,1
DA:56,0
DA:57,0
DA:58,0
DA:59,0
DA:61,0
DA:62,0
DA:65,0
DA:66,0
DA:67,0
DA:68,0
DA:70,0
DA:71,0
DA:72,0
DA:73,0
DA:76,0
DA:77,0
DA:78,0
LF:43
LH:6
BRDA:38,0,0,0
BRDA:38,0,1,0
BRDA:39,1,0,0
BRDA:39,1,1,0
BRDA:40,2,0,0
BRDA:40,2,1,0
BRDA:43,3,0,0
BRDA:43,3,1,0
BRDA:43,4,0,0
BRDA:43,4,1,0
BRDA:56,5,0,0
BRDA:56,5,1,0
BRDA:58,6,0,0
BRDA:58,6,1,0
BRDA:58,7,0,0
BRDA:58,7,1,0
BRDA:67,8,0,0
BRDA:67,8,1,0
BRF:18
BRH:0
end_of_record
TN:
SF:models\user.js
FN:18,(anonymous_0)
FN:35,(anonymous_1)
FN:42,(anonymous_2)
FN:57,(anonymous_3)
FN:68,(anonymous_4)
FN:79,(anonymous_5)
FNF:6
FNH:1
FNDA:0,(anonymous_0)
FNDA:1,(anonymous_1)
FNDA:0,(anonymous_2)
FNDA:0,(anonymous_3)
FNDA:0,(anonymous_4)
FNDA:0,(anonymous_5)
DA:14,1
DA:15,1
DA:17,1
DA:19,0
DA:20,0
DA:21,0
DA:24,0
DA:25,0
DA:27,0
DA:30,0
DA:32,0
DA:37,1
DA:40,1
DA:43,0
DA:44,0
DA:45,0
DA:46,0
DA:47,0
DA:48,0
DA:49,0
DA:50,0
DA:51,0
DA:53,0
DA:54,0
DA:55,0
DA:58,0
DA:59,0
DA:60,0
DA:61,0
DA:62,0
DA:63,0
DA:65,0
DA:66,0
DA:69,0
DA:70,0
DA:71,0
DA:72,0
DA:74,0
DA:75,0
DA:76,0
DA:77,0
DA:80,0
DA:81,0
DA:82,0
LF:44
LH:5
BRDA:43,0,0,0
BRDA:43,0,1,0
BRDA:44,1,0,0
BRDA:44,1,1,0
BRDA:45,2,0,0
BRDA:45,2,1,0
BRDA:46,3,0,0
BRDA:46,3,1,0
BRDA:47,4,0,0
BRDA:47,4,1,0
BRDA:50,5,0,0
BRDA:50,5,1,0
BRDA:50,6,0,0
BRDA:50,6,1,0
BRDA:58,7,0,0
BRDA:58,7,1,0
BRDA:59,8,0,0
BRDA:59,8,1,0
BRDA:60,9,0,0
BRDA:60,9,1,0
BRDA:62,10,0,0
BRDA:62,10,1,0
BRDA:62,11,0,0
BRDA:62,11,1,0
BRDA:71,12,0,0
BRDA:71,12,1,0
BRF:26
BRH:0
end_of_record
TN:
SF:services\menu.js
FN:4,(anonymous_0)
FN:6,(anonymous_1)
FN:10,(anonymous_2)
FN:20,(anonymous_3)
FN:24,(anonymous_4)
FN:26,(anonymous_5)
FN:30,(anonymous_6)
FN:35,(anonymous_7)
FN:35,(anonymous_8)
FN:37,(anonymous_9)
FN:41,(anonymous_10)
FN:45,(anonymous_11)
FN:50,(anonymous_12)
FN:54,(anonymous_13)
FN:57,(anonymous_14)
FN:62,(anonymous_15)
FN:72,(anonymous_16)
FNF:17
FNH:0
FNDA:0,(anonymous_0)
FNDA:0,(anonymous_1)
FNDA:0,(anonymous_2)
FNDA:0,(anonymous_3)
FNDA:0,(anonymous_4)
FNDA:0,(anonymous_5)
FNDA:0,(anonymous_6)
FNDA:0,(anonymous_7)
FNDA:0,(anonymous_8)
FNDA:0,(anonymous_9)
FNDA:0,(anonymous_10)
FNDA:0,(anonymous_11)
FNDA:0,(anonymous_12)
FNDA:0,(anonymous_13)
FNDA:0,(anonymous_14)
FNDA:0,(anonymous_15)
FNDA:0,(anonymous_16)
DA:1,1
DA:2,1
DA:4,1
DA:5,0
DA:6,0
DA:7,0
DA:8,0
DA:9,0
DA:10,0
DA:12,0
DA:13,0
DA:16,0
DA:19,1
DA:21,0
DA:22,0
DA:25,0
DA:26,0
DA:27,0
DA:28,0
DA:29,0
DA:30,0
DA:33,0
DA:35,0
DA:38,0
DA:39,0
DA:42,0
DA:43,0
DA:44,0
DA:45,0
DA:46,0
DA:48,0
DA:51,0
DA:52,0
DA:55,0
DA:56,0
DA:57,0
DA:58,0
DA:60,0
DA:63,0
DA:70,0
DA:71,0
DA:72,0
DA:73,0
DA:76,0
DA:77,0
DA:81,1
LF:46
LH:5
BRDA:7,0,0,0
BRDA:7,0,1,0
BRDA:9,1,0,0
BRDA:9,1,1,0
BRDA:27,2,0,0
BRDA:27,2,1,0
BRDA:29,3,0,0
BRDA:29,3,1,0
BRF:8
BRH:0
end_of_record
TN:
SF:services\role.js
FN:4,(anonymous_0)
FN:12,(anonymous_1)
FN:14,(anonymous_2)
FN:27,(anonymous_3)
FN:31,(anonymous_4)
FN:35,(anonymous_5)
FNF:6
FNH:1
FNDA:0,(anonymous_0)
FNDA:0,(anonymous_1)
FNDA:0,(anonymous_2)
FNDA:0,(anonymous_3)
FNDA:0,(anonymous_4)
FNDA:1,(anonymous_5)
DA:1,1
DA:3,1
DA:5,0
DA:6,0
DA:7,0
DA:9,0
DA:10,0
DA:13,0
DA:14,0
DA:15,0
DA:16,0
DA:18,0
DA:19,0
DA:25,0
DA:28,0
DA:29,0
DA:32,0
DA:33,0
DA:36,1
DA:37,1
DA:41,1
LF:21
LH:5
BRDA:6,0,0,0
BRDA:6,0,1,0
BRDA:6,1,0,0
BRDA:6,1,1,0
BRDA:22,2,0,0
BRDA:22,2,1,0
BRDA:23,3,0,0
BRDA:23,3,1,0
BRF:8
BRH:0
end_of_record
TN:
SF:services\upload.js
FN:12,createFolder
FN:20,streamToBuffer
FN:21,(anonymous_2)
FN:24,(anonymous_3)
FN:25,(anonymous_4)
FN:33,getIpAddress
FN:49,(anonymous_6)
FN:56,(anonymous_7)
FN:61,(anonymous_8)
FN:62,(anonymous_9)
FN:65,(anonymous_10)
FN:69,(anonymous_11)
FN:95,(anonymous_12)
FN:100,(anonymous_13)
FN:101,(anonymous_14)
FN:104,(anonymous_15)
FN:108,(anonymous_16)
FN:134,(anonymous_17)
FN:138,(anonymous_18)
FN:141,(anonymous_19)
FN:144,(anonymous_20)
FN:147,(anonymous_21)
FNF:22
FNH:1
FNDA:0,createFolder
FNDA:0,streamToBuffer
FNDA:0,(anonymous_2)
FNDA:0,(anonymous_3)
FNDA:0,(anonymous_4)
FNDA:1,getIpAddress
FNDA:0,(anonymous_6)
FNDA:0,(anonymous_7)
FNDA:0,(anonymous_8)
FNDA:0,(anonymous_9)
FNDA:0,(anonymous_10)
FNDA:0,(anonymous_11)
FNDA:0,(anonymous_12)
FNDA:0,(anonymous_13)
FNDA:0,(anonymous_14)
FNDA:0,(anonymous_15)
FNDA:0,(anonymous_16)
FNDA:0,(anonymous_17)
FNDA:0,(anonymous_18)
FNDA:0,(anonymous_19)
FNDA:0,(anonymous_20)
FNDA:0,(anonymous_21)
DA:1,1
DA:2,1
DA:3,1
DA:4,1
DA:6,1
DA:7,1
DA:8,1
DA:9,1
DA:13,0
DA:14,0
DA:16,0
DA:21,0
DA:22,0
DA:23,0
DA:24,0
DA:25,0
DA:34,1
DA:35,1
DA:36,1
DA:38,1
DA:39,2
DA:41,2
DA:42,1
DA:47,1
DA:49,1
DA:50,0
DA:51,0
DA:54,1
DA:57,0
DA:58,0
DA:59,0
DA:60,0
DA:61,0
DA:62,0
DA:63,0
DA:65,0
DA:66,0
DA:69,0
DA:70,0
DA:71,0
DA:72,0
DA:73,0
DA:74,0
DA:76,0
DA:77,0
DA:79,0
DA:81,0
DA:85,0
DA:89,0
DA:92,0
DA:96,0
DA:97,0
DA:98,0
DA:99,0
DA:100,0
DA:101,0
DA:102,0
DA:104,0
DA:105,0
DA:108,0
DA:109,0
DA:110,0
DA:111,0
DA:112,0
DA:113,0
DA:115,0
DA:116,0
DA:118,0
DA:120,0
DA:124,0
DA:128,0
DA:131,0
DA:135,0
DA:136,0
DA:137,0
DA:138,0
DA:140,0
DA:142,0
DA:145,0
DA:148,0
DA:150,0
DA:151,0
DA:154,0
LF:83
LH:18
BRDA:41,0,0,1
BRDA:41,0,1,1
BRDA:41,1,0,2
BRDA:41,1,1,1
BRDA:41,1,2,1
BRDA:70,2,0,0
BRDA:70,2,1,0
BRDA:109,3,0,0
BRDA:109,3,1,0
BRF:9
BRH:5
end_of_record
TN:
SF:services\user.js
FN:11,(anonymous_0)
FN:20,(anonymous_1)
FN:37,(anonymous_2)
FN:39,(anonymous_3)
FN:52,(anonymous_4)
FN:56,(anonymous_5)
FN:66,(anonymous_6)
FN:70,(anonymous_7)
FN:78,(anonymous_8)
FN:87,(anonymous_9)
FN:94,(anonymous_10)
FN:98,(anonymous_11)
FN:102,(anonymous_12)
FN:108,(anonymous_13)
FNF:14
FNH:1
FNDA:0,(anonymous_0)
FNDA:1,(anonymous_1)
FNDA:0,(anonymous_2)
FNDA:0,(anonymous_3)
FNDA:0,(anonymous_4)
FNDA:0,(anonymous_5)
FNDA:0,(anonymous_6)
FNDA:0,(anonymous_7)
FNDA:0,(anonymous_8)
FNDA:0,(anonymous_9)
FNDA:0,(anonymous_10)
FNDA:0,(anonymous_11)
FNDA:0,(anonymous_12)
FNDA:0,(anonymous_13)
DA:1,1
DA:2,1
DA:3,1
DA:4,1
DA:5,1
DA:7,1
DA:8,1
DA:10,1
DA:12,0
DA:13,0
DA:14,0
DA:16,0
DA:17,0
DA:18,0
DA:21,1
DA:22,1
DA:23,0
DA:25,1
DA:26,1
DA:27,0
DA:29,1
DA:30,0
DA:32,1
DA:33,1
DA:34,1
DA:35,1
DA:38,0
DA:39,0
DA:40,0
DA:41,0
DA:43,0
DA:44,0
DA:50,0
DA:53,0
DA:54,0
DA:57,0
DA:58,0
DA:59,0
DA:60,0
DA:61,0
DA:63,0
DA:64,0
DA:67,0
DA:68,0
DA:71,0
DA:72,0
DA:73,0
DA:74,0
DA:75,0
DA:76,0
DA:79,0
DA:80,0
DA:81,0
DA:82,0
DA:83,0
DA:84,0
DA:88,0
DA:89,0
DA:90,0
DA:92,0
DA:93,0
DA:94,0
DA:95,0
DA:96,0
DA:98,0
DA:99,0
DA:102,0
DA:103,0
DA:104,0
DA:105,0
DA:107,0
DA:108,0
DA:109,0
DA:111,0
DA:115,1
LF:75
LH:18
BRDA:13,0,0,0
BRDA:13,0,1,0
BRDA:13,1,0,0
BRDA:13,1,1,0
BRDA:22,2,0,0
BRDA:22,2,1,1
BRDA:22,3,0,1
BRDA:22,3,1,1
BRDA:26,4,0,0
BRDA:26,4,1,1
BRDA:29,5,0,0
BRDA:29,5,1,1
BRDA:47,6,0,0
BRDA:47,6,1,0
BRDA:48,7,0,0
BRDA:48,7,1,0
BRDA:60,8,0,0
BRDA:60,8,1,0
BRDA:89,9,0,0
BRDA:89,9,1,0
BRDA:92,10,0,0
BRDA:92,10,1,0
BRDA:96,11,0,0
BRDA:96,11,1,0
BRDA:104,12,0,0
BRDA:104,12,1,0
BRF:26
BRH:5
end_of_record
TN:
SF:test\common.js
FNF:0
FNH:0
DA:1,1
DA:2,1
DA:5,1
LF:3
LH:3
BRF:0
BRH:0
end_of_record
